2023-05-23 14:57:15.519 [info] Reading sessions from keychain...
2023-05-23 14:57:15.519 [info] Getting sessions for all scopes...
2023-05-23 14:57:15.519 [info] Getting sessions for user:email...
2023-05-23 14:57:15.519 [info] Got 0 sessions for ...
2023-05-23 14:57:15.519 [info] Got 0 sessions for user:email...
2023-05-23 14:57:19.803 [info] Getting sessions for all scopes...
2023-05-23 14:57:19.803 [info] Got 0 sessions for ...
2023-05-23 14:57:34.704 [info] Getting sessions for user:email...
2023-05-23 14:57:34.704 [info] Got 0 sessions for user:email...
2023-05-23 14:57:36.654 [info] Logging in for the following scopes: user:email
2023-05-23 14:57:36.661 [info] Trying without local server... (user:email)
2023-05-23 15:02:37.067 [error] Timed out
2023-05-23 15:06:18.181 [info] Getting sessions for user:email...
2023-05-23 15:06:18.181 [info] Got 0 sessions for user:email...
2023-05-23 15:06:23.682 [info] Logging in for the following scopes: user:email
2023-05-23 15:06:23.706 [info] Trying without local server... (user:email)
2023-05-23 15:11:23.880 [error] Timed out
2023-05-23 15:12:21.171 [info] Trying with local server... (user:email)
2023-05-23 15:17:21.175 [error] Timed out
2023-05-23 15:24:23.673 [info] Getting sessions for user:email...
2023-05-23 15:24:23.674 [info] Got 0 sessions for user:email...
2023-05-23 15:24:26.417 [info] Logging in for the following scopes: user:email
2023-05-23 15:24:26.439 [info] Trying without local server... (user:email)
2023-05-23 15:29:26.816 [error] Timed out
2023-05-23 15:45:33.694 [info] Getting sessions for user:email...
2023-05-23 15:45:33.694 [info] Got 0 sessions for user:email...
2023-05-23 15:45:35.193 [info] Logging in for the following scopes: user:email
2023-05-23 15:45:35.220 [info] Trying without local server... (user:email)
2023-05-23 15:50:35.554 [error] Timed out
2023-05-23 15:50:37.601 [info] Getting sessions for user:email...
2023-05-23 15:50:37.601 [info] Got 0 sessions for user:email...
2023-05-23 15:50:40.348 [info] Logging in for the following scopes: user:email
2023-05-23 15:50:40.352 [info] Trying without local server... (user:email)
2023-05-23 15:50:49.533 [error] User Cancelled
2023-05-23 15:50:58.419 [info] Trying with local server... (user:email)
2023-05-23 15:55:58.421 [error] Timed out
