2023-05-26 08:47:08.118 [info] Using settings sync service https://vscode-sync.trafficmanager.net/
2023-05-26 08:47:08.118 [info] Auto Sync is enabled.
2023-05-26 08:47:08.118 [info] Auto Sync: Suspended until auth token is available.
2023-05-26 08:47:10.800 [info] Auto Sync: Triggered by Interval
2023-05-26 08:47:10.800 [info] Sync started.
2023-05-26 08:47:11.830 [info] Deleting non existing profile from backup /home/jkyon/.config/Code/User/sync/extensions
2023-05-26 08:47:11.931 [info] Deleting non existing profile from backup /home/jkyon/.config/Code/User/sync/globalState
2023-05-26 08:47:11.989 [info] Deleting non existing profile from backup /home/jkyon/.config/Code/User/sync/keybindings
2023-05-26 08:47:12.019 [info] Deleting non existing profile from backup /home/jkyon/.config/Code/User/sync/profiles
2023-05-26 08:47:12.097 [info] Deleting non existing profile from backup /home/jkyon/.config/Code/User/sync/settings
2023-05-26 08:47:12.134 [info] Deleting non existing profile from backup /home/jkyon/.config/Code/User/sync/snippets
2023-05-26 08:47:12.182 [info] Settings: No changes found during synchronizing settings.
2023-05-26 08:47:12.225 [info] Deleting non existing profile from backup /home/jkyon/.config/Code/User/sync/tasks
2023-05-26 08:47:12.310 [info] Keybindings: Last sync resource does not exist locally.
2023-05-26 08:47:13.725 [info] Keybindings: No changes found during synchronizing keybindings.
2023-05-26 08:47:13.729 [info] Snippets: Last sync resource does not exist locally.
2023-05-26 08:47:13.944 [info] Snippets: No changes found during synchronizing snippets.
2023-05-26 08:47:13.947 [info] Tasks: Last sync resource does not exist locally.
2023-05-26 08:47:14.167 [info] Tasks: No changes found during synchronizing tasks.
2023-05-26 08:47:14.173 [info] GlobalState: Last sync resource does not exist locally.
2023-05-26 08:47:15.056 [info] GlobalState: Updated remote ui state. Updated: nps/lastSessionDate,nps/sessionCount,cpp.1.lastSessionDate,cpp.1.sessionCount,java.2.lastSessionDate,java.2.sessionCount,javascript.1.lastSessionDate,javascript.1.sessionCount,typescript.1.lastSessionDate,typescript.1.sessionCount,csharp.1.lastSessionDate,csharp.1.sessionCount.
2023-05-26 08:47:15.122 [info] GlobalState: Updated last synchronized ui state
2023-05-26 08:47:15.127 [info] Extensions: Last sync resource does not exist locally.
2023-05-26 08:47:15.510 [info] Extensions: No changes found during synchronizing extensions.
2023-05-26 08:47:15.513 [info] Profiles: Last sync resource does not exist locally.
2023-05-26 08:47:15.744 [info] Profiles: No changes found during synchronizing profiles.
2023-05-26 08:47:15.748 [info] Sync done. Took 5022ms
2023-05-26 08:47:24.356 [info] Auto Sync: Triggered by Activity
2023-05-26 08:47:24.357 [info] Sync started.
2023-05-26 08:47:24.520 [info] Settings: Last sync resource does not exist locally.
2023-05-26 08:47:24.800 [info] Settings: No changes found during synchronizing settings.
2023-05-26 08:47:24.813 [info] Keybindings: No changes found during synchronizing keybindings.
2023-05-26 08:47:24.826 [info] Snippets: No changes found during synchronizing snippets.
2023-05-26 08:47:24.833 [info] Tasks: No changes found during synchronizing tasks.
2023-05-26 08:47:24.845 [info] GlobalState: No changes found during synchronizing ui state.
2023-05-26 08:47:25.035 [info] Extensions: No changes found during synchronizing extensions.
2023-05-26 08:47:25.047 [info] Profiles: No changes found during synchronizing profiles.
2023-05-26 08:47:25.053 [info] Sync done. Took 699ms
2023-05-26 08:48:04.593 [info] Auto Sync: Triggered by Activity
2023-05-26 08:48:04.594 [info] Sync started.
2023-05-26 08:48:04.813 [info] Settings: No changes found during synchronizing settings.
2023-05-26 08:48:04.838 [info] Keybindings: No changes found during synchronizing keybindings.
2023-05-26 08:48:04.853 [info] Snippets: No changes found during synchronizing snippets.
2023-05-26 08:48:04.861 [info] Tasks: No changes found during synchronizing tasks.
2023-05-26 08:48:04.877 [info] GlobalState: No changes found during synchronizing ui state.
2023-05-26 08:48:05.267 [info] Extensions: No changes found during synchronizing extensions.
2023-05-26 08:48:05.303 [info] Profiles: No changes found during synchronizing profiles.
2023-05-26 08:48:05.335 [info] Sync done. Took 743ms
2023-05-26 08:50:15.655 [info] Auto Sync: Triggered by Activity
2023-05-26 08:50:15.657 [info] Sync started.
2023-05-26 08:50:16.138 [info] Settings: No changes found during synchronizing settings.
2023-05-26 08:50:16.152 [info] Keybindings: No changes found during synchronizing keybindings.
2023-05-26 08:50:16.163 [info] Snippets: No changes found during synchronizing snippets.
2023-05-26 08:50:16.173 [info] Tasks: No changes found during synchronizing tasks.
2023-05-26 08:50:16.184 [info] GlobalState: No changes found during synchronizing ui state.
2023-05-26 08:50:16.400 [info] Extensions: No changes found during synchronizing extensions.
2023-05-26 08:50:16.414 [info] Profiles: No changes found during synchronizing profiles.
2023-05-26 08:50:16.434 [info] Sync done. Took 779ms
2023-05-26 08:50:48.754 [info] Auto Sync: Triggered by Activity
2023-05-26 08:50:48.756 [info] Sync started.
2023-05-26 08:50:48.941 [info] Settings: No changes found during synchronizing settings.
2023-05-26 08:50:48.951 [info] Keybindings: No changes found during synchronizing keybindings.
2023-05-26 08:50:48.965 [info] Snippets: No changes found during synchronizing snippets.
2023-05-26 08:50:48.983 [info] Tasks: No changes found during synchronizing tasks.
2023-05-26 08:50:48.999 [info] GlobalState: No changes found during synchronizing ui state.
2023-05-26 08:50:49.237 [info] Extensions: No changes found during synchronizing extensions.
2023-05-26 08:50:49.249 [info] Profiles: No changes found during synchronizing profiles.
2023-05-26 08:50:49.258 [info] Sync done. Took 504ms
2023-05-26 08:52:23.359 [info] Auto Sync: Triggered by Activity
2023-05-26 08:52:23.360 [info] Sync started.
2023-05-26 08:52:23.520 [info] Settings: No changes found during synchronizing settings.
2023-05-26 08:52:23.533 [info] Keybindings: No changes found during synchronizing keybindings.
2023-05-26 08:52:23.547 [info] Snippets: No changes found during synchronizing snippets.
2023-05-26 08:52:23.554 [info] Tasks: No changes found during synchronizing tasks.
2023-05-26 08:52:23.567 [info] GlobalState: No changes found during synchronizing ui state.
2023-05-26 08:52:23.760 [info] Extensions: No changes found during synchronizing extensions.
2023-05-26 08:52:23.763 [info] Profiles: No changes found during synchronizing profiles.
2023-05-26 08:52:23.767 [info] Sync done. Took 408ms
2023-05-26 08:53:32.628 [info] Auto Sync: Triggered by Activity
2023-05-26 08:53:32.628 [info] Sync started.
2023-05-26 08:53:32.788 [info] Settings: No changes found during synchronizing settings.
2023-05-26 08:53:32.801 [info] Keybindings: No changes found during synchronizing keybindings.
2023-05-26 08:53:32.811 [info] Snippets: No changes found during synchronizing snippets.
2023-05-26 08:53:32.817 [info] Tasks: No changes found during synchronizing tasks.
2023-05-26 08:53:32.831 [info] GlobalState: No changes found during synchronizing ui state.
2023-05-26 08:53:33.063 [info] Extensions: No changes found during synchronizing extensions.
2023-05-26 08:53:33.066 [info] Profiles: No changes found during synchronizing profiles.
2023-05-26 08:53:33.070 [info] Sync done. Took 442ms
2023-05-26 08:53:45.995 [info] Auto Sync: Triggered by Activity
2023-05-26 08:53:45.995 [info] Sync started.
2023-05-26 08:53:46.183 [info] Settings: No changes found during synchronizing settings.
2023-05-26 08:53:46.199 [info] Keybindings: No changes found during synchronizing keybindings.
2023-05-26 08:53:46.209 [info] Snippets: No changes found during synchronizing snippets.
2023-05-26 08:53:46.222 [info] Tasks: No changes found during synchronizing tasks.
2023-05-26 08:53:46.233 [info] GlobalState: No changes found during synchronizing ui state.
2023-05-26 08:53:46.437 [info] Extensions: No changes found during synchronizing extensions.
2023-05-26 08:53:46.445 [info] Profiles: No changes found during synchronizing profiles.
2023-05-26 08:53:46.452 [info] Sync done. Took 457ms
2023-05-26 08:57:23.639 [info] Auto Sync: Triggered by Activity
2023-05-26 08:57:23.640 [info] Sync started.
2023-05-26 08:57:24.131 [info] Settings: No changes found during synchronizing settings.
2023-05-26 08:57:24.145 [info] Keybindings: No changes found during synchronizing keybindings.
2023-05-26 08:57:24.161 [info] Snippets: No changes found during synchronizing snippets.
2023-05-26 08:57:24.171 [info] Tasks: No changes found during synchronizing tasks.
2023-05-26 08:57:24.183 [info] GlobalState: No changes found during synchronizing ui state.
2023-05-26 08:57:24.399 [info] Extensions: No changes found during synchronizing extensions.
2023-05-26 08:57:24.403 [info] Profiles: No changes found during synchronizing profiles.
2023-05-26 08:57:24.407 [info] Sync done. Took 768ms
2023-05-26 08:57:56.722 [info] Auto Sync: Triggered by Activity
2023-05-26 08:57:56.723 [info] Sync started.
2023-05-26 08:57:56.877 [info] Settings: No changes found during synchronizing settings.
2023-05-26 08:57:56.884 [info] Keybindings: No changes found during synchronizing keybindings.
2023-05-26 08:57:56.890 [info] Snippets: No changes found during synchronizing snippets.
2023-05-26 08:57:56.895 [info] Tasks: No changes found during synchronizing tasks.
2023-05-26 08:57:56.904 [info] GlobalState: No changes found during synchronizing ui state.
2023-05-26 08:57:57.057 [info] Extensions: No changes found during synchronizing extensions.
2023-05-26 08:57:57.073 [info] Profiles: No changes found during synchronizing profiles.
2023-05-26 08:57:57.078 [info] Sync done. Took 357ms
2023-05-26 08:58:25.114 [info] Auto Sync: Triggered by Activity
2023-05-26 08:58:25.115 [info] Sync started.
2023-05-26 08:58:25.286 [info] Settings: No changes found during synchronizing settings.
2023-05-26 08:58:25.295 [info] Keybindings: No changes found during synchronizing keybindings.
2023-05-26 08:58:25.302 [info] Snippets: No changes found during synchronizing snippets.
2023-05-26 08:58:25.308 [info] Tasks: No changes found during synchronizing tasks.
2023-05-26 08:58:25.318 [info] GlobalState: No changes found during synchronizing ui state.
2023-05-26 08:58:25.464 [info] Extensions: No changes found during synchronizing extensions.
2023-05-26 08:58:25.468 [info] Profiles: No changes found during synchronizing profiles.
2023-05-26 08:58:25.471 [info] Sync done. Took 357ms
2023-05-26 08:59:18.565 [info] Auto Sync: Triggered by Activity
2023-05-26 08:59:18.565 [info] Sync started.
2023-05-26 08:59:18.729 [info] Settings: No changes found during synchronizing settings.
2023-05-26 08:59:18.745 [info] Keybindings: No changes found during synchronizing keybindings.
2023-05-26 08:59:18.756 [info] Snippets: No changes found during synchronizing snippets.
2023-05-26 08:59:18.765 [info] Tasks: No changes found during synchronizing tasks.
2023-05-26 08:59:18.776 [info] GlobalState: No changes found during synchronizing ui state.
2023-05-26 08:59:19.000 [info] Extensions: No changes found during synchronizing extensions.
2023-05-26 08:59:19.003 [info] Profiles: No changes found during synchronizing profiles.
2023-05-26 08:59:19.007 [info] Sync done. Took 442ms
2023-05-26 08:59:36.526 [info] Auto Sync: Triggered by Activity
2023-05-26 08:59:36.527 [info] Sync started.
2023-05-26 08:59:36.690 [info] Settings: No changes found during synchronizing settings.
2023-05-26 08:59:36.697 [info] Keybindings: No changes found during synchronizing keybindings.
2023-05-26 08:59:36.704 [info] Snippets: No changes found during synchronizing snippets.
2023-05-26 08:59:36.709 [info] Tasks: No changes found during synchronizing tasks.
2023-05-26 08:59:36.715 [info] GlobalState: No changes found during synchronizing ui state.
2023-05-26 08:59:36.846 [info] Extensions: No changes found during synchronizing extensions.
2023-05-26 08:59:36.850 [info] Profiles: No changes found during synchronizing profiles.
2023-05-26 08:59:36.853 [info] Sync done. Took 328ms
2023-05-26 09:00:07.297 [info] Auto Sync: Triggered by Activity
2023-05-26 09:00:07.297 [info] Sync started.
2023-05-26 09:00:07.466 [info] Settings: No changes found during synchronizing settings.
2023-05-26 09:00:07.472 [info] Keybindings: No changes found during synchronizing keybindings.
2023-05-26 09:00:07.480 [info] Snippets: No changes found during synchronizing snippets.
2023-05-26 09:00:07.485 [info] Tasks: No changes found during synchronizing tasks.
2023-05-26 09:00:07.492 [info] GlobalState: No changes found during synchronizing ui state.
2023-05-26 09:00:07.611 [info] Extensions: No changes found during synchronizing extensions.
2023-05-26 09:00:07.614 [info] Profiles: No changes found during synchronizing profiles.
2023-05-26 09:00:07.617 [info] Sync done. Took 321ms
2023-05-26 09:00:28.272 [info] Auto Sync: Triggered by Activity
2023-05-26 09:00:28.272 [info] Sync started.
2023-05-26 09:00:28.443 [info] Settings: No changes found during synchronizing settings.
2023-05-26 09:00:28.456 [info] Keybindings: No changes found during synchronizing keybindings.
2023-05-26 09:00:28.469 [info] Snippets: No changes found during synchronizing snippets.
2023-05-26 09:00:28.480 [info] Tasks: No changes found during synchronizing tasks.
2023-05-26 09:00:28.497 [info] GlobalState: No changes found during synchronizing ui state.
2023-05-26 09:00:28.726 [info] Extensions: No changes found during synchronizing extensions.
2023-05-26 09:00:28.734 [info] Profiles: No changes found during synchronizing profiles.
2023-05-26 09:00:28.738 [info] Sync done. Took 467ms
2023-05-26 09:02:05.388 [info] Auto Sync: Triggered by Activity
2023-05-26 09:02:05.390 [info] Sync started.
2023-05-26 09:02:05.552 [info] Settings: No changes found during synchronizing settings.
2023-05-26 09:02:05.564 [info] Keybindings: No changes found during synchronizing keybindings.
2023-05-26 09:02:05.572 [info] Snippets: No changes found during synchronizing snippets.
2023-05-26 09:02:05.579 [info] Tasks: No changes found during synchronizing tasks.
2023-05-26 09:02:05.601 [info] GlobalState: No changes found during synchronizing ui state.
2023-05-26 09:02:05.816 [info] Extensions: No changes found during synchronizing extensions.
2023-05-26 09:02:05.820 [info] Profiles: No changes found during synchronizing profiles.
2023-05-26 09:02:05.823 [info] Sync done. Took 436ms
2023-05-26 09:02:32.697 [info] Auto Sync: Triggered by Activity
2023-05-26 09:02:32.698 [info] Sync started.
2023-05-26 09:02:32.868 [info] Settings: No changes found during synchronizing settings.
2023-05-26 09:02:32.880 [info] Keybindings: No changes found during synchronizing keybindings.
2023-05-26 09:02:32.890 [info] Snippets: No changes found during synchronizing snippets.
2023-05-26 09:02:32.898 [info] Tasks: No changes found during synchronizing tasks.
2023-05-26 09:02:32.906 [info] GlobalState: No changes found during synchronizing ui state.
2023-05-26 09:02:33.022 [info] Extensions: No changes found during synchronizing extensions.
2023-05-26 09:02:33.032 [info] Profiles: No changes found during synchronizing profiles.
2023-05-26 09:02:33.041 [info] Sync done. Took 345ms
2023-05-26 09:04:44.160 [info] Auto Sync: Triggered by Activity
2023-05-26 09:04:44.160 [info] Sync started.
2023-05-26 09:04:44.681 [info] Settings: No changes found during synchronizing settings.
2023-05-26 09:04:44.698 [info] Keybindings: No changes found during synchronizing keybindings.
2023-05-26 09:04:44.707 [info] Snippets: No changes found during synchronizing snippets.
2023-05-26 09:04:44.713 [info] Tasks: No changes found during synchronizing tasks.
2023-05-26 09:04:44.722 [info] GlobalState: No changes found during synchronizing ui state.
2023-05-26 09:04:44.901 [info] Extensions: No changes found during synchronizing extensions.
2023-05-26 09:04:44.909 [info] Profiles: No changes found during synchronizing profiles.
2023-05-26 09:04:44.917 [info] Sync done. Took 757ms
2023-05-26 09:05:08.785 [info] Auto Sync: Triggered by Activity
2023-05-26 09:05:08.785 [info] Sync started.
2023-05-26 09:05:09.018 [info] Settings: No changes found during synchronizing settings.
2023-05-26 09:05:09.033 [info] Keybindings: No changes found during synchronizing keybindings.
2023-05-26 09:05:09.046 [info] Snippets: No changes found during synchronizing snippets.
2023-05-26 09:05:09.061 [info] Tasks: No changes found during synchronizing tasks.
2023-05-26 09:05:09.078 [info] GlobalState: No changes found during synchronizing ui state.
2023-05-26 09:05:09.272 [info] Extensions: No changes found during synchronizing extensions.
2023-05-26 09:05:09.275 [info] Profiles: No changes found during synchronizing profiles.
2023-05-26 09:05:09.278 [info] Sync done. Took 493ms
2023-05-26 09:06:54.343 [info] Auto Sync: Triggered by Activity
2023-05-26 09:06:54.343 [info] Sync started.
2023-05-26 09:06:54.511 [info] Settings: No changes found during synchronizing settings.
2023-05-26 09:06:54.525 [info] Keybindings: No changes found during synchronizing keybindings.
2023-05-26 09:06:54.539 [info] Snippets: No changes found during synchronizing snippets.
2023-05-26 09:06:54.550 [info] Tasks: No changes found during synchronizing tasks.
2023-05-26 09:06:54.569 [info] GlobalState: No changes found during synchronizing ui state.
2023-05-26 09:06:54.751 [info] Extensions: No changes found during synchronizing extensions.
2023-05-26 09:06:54.755 [info] Profiles: No changes found during synchronizing profiles.
2023-05-26 09:06:54.759 [info] Sync done. Took 416ms
2023-05-26 09:07:19.184 [info] Auto Sync: Triggered by Activity
2023-05-26 09:07:19.185 [info] Sync started.
2023-05-26 09:07:19.339 [info] Settings: No changes found during synchronizing settings.
2023-05-26 09:07:19.348 [info] Keybindings: No changes found during synchronizing keybindings.
2023-05-26 09:07:19.356 [info] Snippets: No changes found during synchronizing snippets.
2023-05-26 09:07:19.360 [info] Tasks: No changes found during synchronizing tasks.
2023-05-26 09:07:19.368 [info] GlobalState: No changes found during synchronizing ui state.
2023-05-26 09:07:19.482 [info] Extensions: No changes found during synchronizing extensions.
2023-05-26 09:07:19.492 [info] Profiles: No changes found during synchronizing profiles.
2023-05-26 09:07:19.499 [info] Sync done. Took 315ms
2023-05-26 09:08:57.343 [info] Auto Sync: Triggered by Activity
2023-05-26 09:08:57.343 [info] Sync started.
2023-05-26 09:08:57.519 [info] Settings: No changes found during synchronizing settings.
2023-05-26 09:08:57.531 [info] Keybindings: No changes found during synchronizing keybindings.
2023-05-26 09:08:57.539 [info] Snippets: No changes found during synchronizing snippets.
2023-05-26 09:08:57.544 [info] Tasks: No changes found during synchronizing tasks.
2023-05-26 09:08:57.553 [info] GlobalState: No changes found during synchronizing ui state.
2023-05-26 09:08:57.702 [info] Extensions: No changes found during synchronizing extensions.
2023-05-26 09:08:57.705 [info] Profiles: No changes found during synchronizing profiles.
2023-05-26 09:08:57.708 [info] Sync done. Took 365ms
2023-05-26 09:09:13.900 [info] Auto Sync: Triggered by Activity
2023-05-26 09:09:13.901 [info] Sync started.
2023-05-26 09:09:14.069 [info] Settings: No changes found during synchronizing settings.
2023-05-26 09:09:14.081 [info] Keybindings: No changes found during synchronizing keybindings.
2023-05-26 09:09:14.089 [info] Snippets: No changes found during synchronizing snippets.
2023-05-26 09:09:14.094 [info] Tasks: No changes found during synchronizing tasks.
2023-05-26 09:09:14.105 [info] GlobalState: No changes found during synchronizing ui state.
2023-05-26 09:09:14.285 [info] Extensions: No changes found during synchronizing extensions.
2023-05-26 09:09:14.288 [info] Profiles: No changes found during synchronizing profiles.
2023-05-26 09:09:14.291 [info] Sync done. Took 393ms
2023-05-26 09:10:32.711 [info] Auto Sync: Triggered by Activity
2023-05-26 09:10:32.712 [info] Sync started.
2023-05-26 09:10:32.885 [info] Settings: No changes found during synchronizing settings.
2023-05-26 09:10:32.893 [info] Keybindings: No changes found during synchronizing keybindings.
2023-05-26 09:10:32.900 [info] Snippets: No changes found during synchronizing snippets.
2023-05-26 09:10:32.906 [info] Tasks: No changes found during synchronizing tasks.
2023-05-26 09:10:32.915 [info] GlobalState: No changes found during synchronizing ui state.
2023-05-26 09:10:33.037 [info] Extensions: No changes found during synchronizing extensions.
2023-05-26 09:10:33.048 [info] Profiles: No changes found during synchronizing profiles.
2023-05-26 09:10:33.055 [info] Sync done. Took 346ms
2023-05-26 09:10:57.271 [info] Auto Sync: Triggered by Activity
2023-05-26 09:10:57.272 [info] Sync started.
2023-05-26 09:10:57.453 [info] Settings: No changes found during synchronizing settings.
2023-05-26 09:10:57.464 [info] Keybindings: No changes found during synchronizing keybindings.
2023-05-26 09:10:57.472 [info] Snippets: No changes found during synchronizing snippets.
2023-05-26 09:10:57.479 [info] Tasks: No changes found during synchronizing tasks.
2023-05-26 09:10:57.488 [info] GlobalState: No changes found during synchronizing ui state.
2023-05-26 09:10:57.634 [info] Extensions: No changes found during synchronizing extensions.
2023-05-26 09:10:57.637 [info] Profiles: No changes found during synchronizing profiles.
2023-05-26 09:10:57.640 [info] Sync done. Took 369ms
2023-05-26 09:12:24.343 [info] Auto Sync: Triggered by Activity
2023-05-26 09:12:24.343 [info] Sync started.
2023-05-26 09:12:24.513 [info] Settings: No changes found during synchronizing settings.
2023-05-26 09:12:24.520 [info] Keybindings: No changes found during synchronizing keybindings.
2023-05-26 09:12:24.529 [info] Snippets: No changes found during synchronizing snippets.
2023-05-26 09:12:24.536 [info] Tasks: No changes found during synchronizing tasks.
2023-05-26 09:12:24.550 [info] GlobalState: No changes found during synchronizing ui state.
2023-05-26 09:12:24.677 [info] Extensions: No changes found during synchronizing extensions.
2023-05-26 09:12:24.680 [info] Profiles: No changes found during synchronizing profiles.
2023-05-26 09:12:24.684 [info] Sync done. Took 341ms
2023-05-26 09:14:27.756 [info] Auto Sync: Triggered by Activity
2023-05-26 09:14:27.756 [info] Sync started.
2023-05-26 09:14:27.920 [info] Settings: No changes found during synchronizing settings.
2023-05-26 09:14:27.938 [info] Keybindings: No changes found during synchronizing keybindings.
2023-05-26 09:14:27.948 [info] Snippets: No changes found during synchronizing snippets.
2023-05-26 09:14:27.960 [info] Tasks: No changes found during synchronizing tasks.
2023-05-26 09:14:27.973 [info] GlobalState: No changes found during synchronizing ui state.
2023-05-26 09:14:28.151 [info] Extensions: No changes found during synchronizing extensions.
2023-05-26 09:14:28.156 [info] Profiles: No changes found during synchronizing profiles.
2023-05-26 09:14:28.163 [info] Sync done. Took 407ms
2023-05-26 09:16:58.194 [info] Auto Sync: Triggered by Activity
2023-05-26 09:16:58.195 [info] Sync started.
2023-05-26 09:16:58.664 [info] Settings: No changes found during synchronizing settings.
2023-05-26 09:16:58.674 [info] Keybindings: No changes found during synchronizing keybindings.
2023-05-26 09:16:58.683 [info] Snippets: No changes found during synchronizing snippets.
2023-05-26 09:16:58.690 [info] Tasks: No changes found during synchronizing tasks.
2023-05-26 09:16:58.702 [info] GlobalState: No changes found during synchronizing ui state.
2023-05-26 09:16:58.908 [info] Extensions: No changes found during synchronizing extensions.
2023-05-26 09:16:58.912 [info] Profiles: No changes found during synchronizing profiles.
2023-05-26 09:16:58.916 [info] Sync done. Took 723ms
2023-05-26 09:18:53.021 [info] Auto Sync: Triggered by Activity
2023-05-26 09:18:53.022 [info] Sync started.
2023-05-26 09:18:53.212 [info] Settings: No changes found during synchronizing settings.
2023-05-26 09:18:53.227 [info] Keybindings: No changes found during synchronizing keybindings.
2023-05-26 09:18:53.240 [info] Snippets: No changes found during synchronizing snippets.
2023-05-26 09:18:53.252 [info] Tasks: No changes found during synchronizing tasks.
2023-05-26 09:18:53.263 [info] GlobalState: No changes found during synchronizing ui state.
2023-05-26 09:18:53.458 [info] Extensions: No changes found during synchronizing extensions.
2023-05-26 09:18:53.461 [info] Profiles: No changes found during synchronizing profiles.
2023-05-26 09:18:53.466 [info] Sync done. Took 446ms
2023-05-26 09:20:17.963 [info] Auto Sync: Triggered by Activity
2023-05-26 09:20:17.963 [info] Sync started.
2023-05-26 09:20:18.129 [info] Settings: No changes found during synchronizing settings.
2023-05-26 09:20:18.136 [info] Keybindings: No changes found during synchronizing keybindings.
2023-05-26 09:20:18.142 [info] Snippets: No changes found during synchronizing snippets.
2023-05-26 09:20:18.148 [info] Tasks: No changes found during synchronizing tasks.
2023-05-26 09:20:18.156 [info] GlobalState: No changes found during synchronizing ui state.
2023-05-26 09:20:18.300 [info] Extensions: No changes found during synchronizing extensions.
2023-05-26 09:20:18.308 [info] Profiles: No changes found during synchronizing profiles.
2023-05-26 09:20:18.313 [info] Sync done. Took 349ms
2023-05-26 09:22:58.253 [info] Auto Sync: Triggered by Activity
2023-05-26 09:22:58.253 [info] Sync started.
2023-05-26 09:22:58.748 [info] Settings: No changes found during synchronizing settings.
2023-05-26 09:22:58.759 [info] Keybindings: No changes found during synchronizing keybindings.
2023-05-26 09:22:58.767 [info] Snippets: No changes found during synchronizing snippets.
2023-05-26 09:22:58.774 [info] Tasks: No changes found during synchronizing tasks.
2023-05-26 09:22:58.782 [info] GlobalState: No changes found during synchronizing ui state.
2023-05-26 09:22:58.913 [info] Extensions: No changes found during synchronizing extensions.
2023-05-26 09:22:58.916 [info] Profiles: No changes found during synchronizing profiles.
2023-05-26 09:22:58.922 [info] Sync done. Took 669ms
2023-05-26 09:23:35.846 [info] Auto Sync: Triggered by Activity
2023-05-26 09:23:35.846 [info] Sync started.
2023-05-26 09:23:36.030 [info] Settings: No changes found during synchronizing settings.
2023-05-26 09:23:36.049 [info] Keybindings: No changes found during synchronizing keybindings.
2023-05-26 09:23:36.057 [info] Snippets: No changes found during synchronizing snippets.
2023-05-26 09:23:36.063 [info] Tasks: No changes found during synchronizing tasks.
2023-05-26 09:23:36.071 [info] GlobalState: No changes found during synchronizing ui state.
2023-05-26 09:23:36.211 [info] Extensions: No changes found during synchronizing extensions.
2023-05-26 09:23:36.214 [info] Profiles: No changes found during synchronizing profiles.
2023-05-26 09:23:36.217 [info] Sync done. Took 372ms
