2023-05-25 09:35:55.680 [info] Reading sessions from keychain...
2023-05-25 09:35:55.680 [info] Getting sessions for all scopes...
2023-05-25 09:35:55.680 [info] Got 0 sessions for ...
2023-05-25 09:35:55.680 [info] Getting sessions for user:email...
2023-05-25 09:35:55.680 [info] Got 0 sessions for user:email...
2023-05-25 09:35:55.812 [info] Getting sessions for all scopes...
2023-05-25 09:35:55.812 [info] Got 0 sessions for ...
2023-05-25 10:14:09.162 [info] Getting sessions for user:email...
2023-05-25 10:14:09.163 [info] Got 0 sessions for user:email...
2023-05-25 10:14:10.859 [info] Logging in for the following scopes: user:email
2023-05-25 10:14:10.866 [info] Trying without local server... (user:email)
2023-05-25 10:14:52.758 [error] User Cancelled
2023-05-25 10:14:54.614 [info] Trying with local server... (user:email)
2023-05-25 10:14:56.368 [info] Exchanging code for token...
2023-05-25 10:14:57.393 [info] Token exchange success!
2023-05-25 10:14:57.396 [info] Getting user info...
2023-05-25 10:14:57.818 [info] Got account info!
2023-05-25 10:14:57.820 [info] Storing 1 sessions...
2023-05-25 10:14:58.621 [info] Getting user info...
2023-05-25 10:14:58.877 [info] Got account info!
2023-05-25 10:15:23.703 [info] Reading sessions from keychain...
2023-05-25 10:15:23.703 [info] Stored 1 sessions!
2023-05-25 10:15:23.707 [info] Login success!
2023-05-25 10:15:23.712 [info] Getting sessions for user:email...
2023-05-25 10:15:23.712 [info] Got stored sessions!
2023-05-25 10:15:23.713 [info] Got 1 verified sessions.
2023-05-25 10:15:23.713 [info] Got 1 sessions for user:email...
2023-05-25 10:15:23.716 [info] Getting sessions for user:email...
2023-05-25 10:15:23.716 [info] Got 1 sessions for user:email...
2023-05-25 11:08:58.926 [info] Reading sessions from keychain...
2023-05-25 11:08:58.926 [info] Getting sessions for all scopes...
2023-05-25 11:08:58.926 [info] Getting sessions for user:email...
2023-05-25 11:08:58.926 [info] Getting sessions for all scopes...
2023-05-25 11:08:58.926 [info] Got stored sessions!
2023-05-25 11:08:58.926 [info] Got 1 verified sessions.
2023-05-25 11:08:58.926 [info] Got 1 sessions for ...
2023-05-25 11:08:58.926 [info] Got 1 sessions for user:email...
2023-05-25 11:08:58.926 [info] Got 1 sessions for ...
2023-05-25 11:08:58.984 [info] Getting sessions for all scopes...
2023-05-25 11:08:58.984 [info] Got 1 sessions for ...
2023-05-25 11:09:00.443 [info] Getting user info...
2023-05-25 11:09:00.730 [info] Got account info!
