2023-05-26 17:18:38.673 [info] Log level: Info
2023-05-26 17:18:38.673 [info] Validating found git in: "git"
2023-05-26 17:18:38.673 [info] Using git "2.39.3" from "git"
2023-05-26 17:18:38.673 [info] > git rev-parse --show-toplevel [110ms]
2023-05-26 17:18:38.673 [info] > git rev-parse --git-dir --git-common-dir [5ms]
2023-05-26 17:18:38.673 [info] Open repository: /home/jkyon/ShellScript
2023-05-26 17:18:38.673 [info] > git rev-parse --show-toplevel [61ms]
2023-05-26 17:18:38.673 [info] > git config --get commit.template [47ms]
2023-05-26 17:18:38.673 [info] > git rev-parse --git-dir --git-common-dir [6ms]
2023-05-26 17:18:38.673 [info] Open repository: /home/jkyon/.dotfiles
2023-05-26 17:18:38.673 [info] > git rev-parse --show-toplevel [177ms]
2023-05-26 17:18:38.673 [info] > git for-each-ref --format=%(refname)%00%(upstream:short)%00%(objectname)%00%(upstream:track)%00%(upstream:remotename)%00%(upstream:remoteref) refs/heads/main refs/remotes/main [238ms]
2023-05-26 17:18:38.673 [info] > git config --get commit.template [22ms]
2023-05-26 17:18:38.673 [info] > git rev-parse --show-toplevel [13ms]
2023-05-26 17:18:38.673 [info] > git rev-parse --show-toplevel [10ms]
2023-05-26 17:18:38.673 [info] > git for-each-ref --format=%(refname)%00%(upstream:short)%00%(objectname)%00%(upstream:track)%00%(upstream:remotename)%00%(upstream:remoteref) refs/heads/main refs/remotes/main [58ms]
2023-05-26 17:18:38.673 [info] > git status -z -uall [466ms]
2023-05-26 17:18:38.673 [info] > git status -z -uall [379ms]
2023-05-26 17:18:38.673 [info] > git check-ignore -v -z --stdin [160ms]
2023-05-26 17:18:38.673 [info] > git config --get commit.template [109ms]
2023-05-26 17:18:38.673 [info] > git config --get commit.template [154ms]
2023-05-26 17:18:38.676 [info] > git for-each-ref --format=%(refname)%00%(upstream:short)%00%(objectname)%00%(upstream:track)%00%(upstream:remotename)%00%(upstream:remoteref) refs/heads/main refs/remotes/main [14ms]
2023-05-26 17:18:38.706 [info] > git for-each-ref --format=%(refname)%00%(upstream:short)%00%(objectname)%00%(upstream:track)%00%(upstream:remotename)%00%(upstream:remoteref) refs/heads/main refs/remotes/main [34ms]
2023-05-26 17:18:38.717 [info] > git status -z -uall [5ms]
2023-05-26 17:18:38.730 [info] > git status -z -uall [30ms]
2023-05-26 17:18:39.256 [info] > git ls-files --stage -- /home/jkyon/.dotfiles/.config/awesome/rc.lua [89ms]
2023-05-26 17:18:39.288 [info] > git show --textconv :.config/awesome/rc.lua [132ms]
2023-05-26 17:18:39.415 [info] > git cat-file -s b93d31c4f8680d96f320409a71df3a901e59dccd [147ms]
2023-05-26 17:18:39.421 [info] > git fetch [1676ms]
2023-05-26 17:18:39.439 [info] > git config --get commit.template [9ms]
2023-05-26 17:18:39.444 [info] > git for-each-ref --format=%(refname)%00%(upstream:short)%00%(objectname)%00%(upstream:track)%00%(upstream:remotename)%00%(upstream:remoteref) refs/heads/main refs/remotes/main [6ms]
2023-05-26 17:18:39.484 [info] > git status -z -uall [32ms]
2023-05-26 17:18:49.139 [info] > git config --get commit.template [14ms]
2023-05-26 17:18:49.162 [info] > git ls-files --stage -- /home/jkyon/.dotfiles/.config/awesome/rc.lua [24ms]
2023-05-26 17:18:49.169 [info] > git for-each-ref --format=%(refname)%00%(upstream:short)%00%(objectname)%00%(upstream:track)%00%(upstream:remotename)%00%(upstream:remoteref) refs/heads/main refs/remotes/main [9ms]
2023-05-26 17:18:49.312 [info] > git status -z -uall [136ms]
2023-05-26 17:18:49.322 [info] > git cat-file -s b93d31c4f8680d96f320409a71df3a901e59dccd [154ms]
2023-05-26 17:18:49.374 [info] > git show --textconv :.config/awesome/rc.lua [8ms]
2023-05-26 17:18:49.377 [info] > git fetch [11746ms]
2023-05-26 17:18:49.393 [info] > git config --get commit.template [8ms]
2023-05-26 17:18:49.405 [info] > git for-each-ref --format=%(refname)%00%(upstream:short)%00%(objectname)%00%(upstream:track)%00%(upstream:remotename)%00%(upstream:remoteref) refs/heads/main refs/remotes/main [3ms]
2023-05-26 17:18:49.445 [info] > git status -z -uall [31ms]
2023-05-26 17:18:50.600 [info] > git config --get commit.template [2ms]
2023-05-26 17:18:50.749 [info] > git for-each-ref --format=%(refname)%00%(upstream:short)%00%(objectname)%00%(upstream:track)%00%(upstream:remotename)%00%(upstream:remoteref) refs/heads/main refs/remotes/main [25ms]
2023-05-26 17:18:50.808 [info] > git status -z -uall [35ms]
2023-05-26 17:18:54.342 [info] > git config --get commit.template [8ms]
2023-05-26 17:18:54.343 [info] > git for-each-ref --format=%(refname)%00%(upstream:short)%00%(objectname)%00%(upstream:track)%00%(upstream:remotename)%00%(upstream:remoteref) refs/heads/main refs/remotes/main [3ms]
2023-05-26 17:18:54.365 [info] > git status -z -uall [16ms]
2023-05-26 17:19:01.116 [info] > git config --get commit.template [14ms]
2023-05-26 17:19:01.117 [info] > git for-each-ref --format=%(refname)%00%(upstream:short)%00%(objectname)%00%(upstream:track)%00%(upstream:remotename)%00%(upstream:remoteref) refs/heads/main refs/remotes/main [3ms]
2023-05-26 17:19:01.148 [info] > git status -z -uall [20ms]
2023-05-26 17:19:13.164 [info] > git config --get commit.template [12ms]
2023-05-26 17:19:13.165 [info] > git for-each-ref --format=%(refname)%00%(upstream:short)%00%(objectname)%00%(upstream:track)%00%(upstream:remotename)%00%(upstream:remoteref) refs/heads/main refs/remotes/main [6ms]
2023-05-26 17:19:13.186 [info] > git status -z -uall [16ms]
2023-05-26 17:19:29.771 [info] > git config --get commit.template [8ms]
2023-05-26 17:19:29.771 [info] > git for-each-ref --format=%(refname)%00%(upstream:short)%00%(objectname)%00%(upstream:track)%00%(upstream:remotename)%00%(upstream:remoteref) refs/heads/main refs/remotes/main [2ms]
2023-05-26 17:19:29.794 [info] > git status -z -uall [17ms]
2023-05-26 17:19:34.833 [info] > git config --get commit.template [13ms]
2023-05-26 17:19:34.833 [info] > git for-each-ref --format=%(refname)%00%(upstream:short)%00%(objectname)%00%(upstream:track)%00%(upstream:remotename)%00%(upstream:remoteref) refs/heads/main refs/remotes/main [2ms]
2023-05-26 17:19:34.865 [info] > git status -z -uall [21ms]
2023-05-26 17:20:24.896 [info] > git config --get commit.template [13ms]
2023-05-26 17:20:24.898 [info] > git for-each-ref --format=%(refname)%00%(upstream:short)%00%(objectname)%00%(upstream:track)%00%(upstream:remotename)%00%(upstream:remoteref) refs/heads/main refs/remotes/main [3ms]
2023-05-26 17:20:24.934 [info] > git status -z -uall [23ms]
2023-05-26 17:21:57.633 [info] > git check-ignore -v -z --stdin [7ms]
2023-05-26 17:21:57.749 [info] > git ls-files --stage -- /home/jkyon/.dotfiles/README.md [3ms]
2023-05-26 17:21:57.831 [info] > git show --textconv :README.md [99ms]
2023-05-26 17:21:57.898 [info] > git cat-file -s c93284aeb6637f64c9a45669b5bc97dd6238768a [136ms]
2023-05-26 17:22:16.281 [info] > git check-ignore -v -z --stdin [3ms]
2023-05-26 17:22:28.665 [info] > git check-ignore -v -z --stdin [12ms]
2023-05-26 17:22:28.666 [info] > git check-ignore -v -z --stdin [5ms]
2023-05-26 17:22:51.985 [info] > git fetch [817ms]
2023-05-26 17:22:52.012 [info] > git config --get commit.template [15ms]
2023-05-26 17:22:52.014 [info] > git for-each-ref --format=%(refname)%00%(upstream:short)%00%(objectname)%00%(upstream:track)%00%(upstream:remotename)%00%(upstream:remoteref) refs/heads/main refs/remotes/main [3ms]
2023-05-26 17:22:52.031 [info] > git status -z -uall [4ms]
