2023-05-26 16:48:29.758 [info] Log level: Info
2023-05-26 16:48:29.758 [info] Validating found git in: "git"
2023-05-26 16:48:29.758 [info] Using git "2.39.3" from "git"
2023-05-26 16:48:29.758 [info] > git rev-parse --show-toplevel [21ms]
2023-05-26 16:48:29.758 [info] > git rev-parse --git-dir --git-common-dir [6ms]
2023-05-26 16:48:29.758 [info] Open repository: /home/jkyon/ShellScript
2023-05-26 16:48:29.758 [info] > git rev-parse --show-toplevel [15ms]
2023-05-26 16:48:29.758 [info] > git rev-parse --git-dir --git-common-dir [32ms]
2023-05-26 16:48:29.758 [info] Open repository: /home/jkyon/.dotfiles
2023-05-26 16:48:29.758 [info] > git config --get commit.template [81ms]
2023-05-26 16:48:29.758 [info] > git rev-parse --show-toplevel [38ms]
2023-05-26 16:48:29.760 [info] > git rev-parse --show-toplevel [18ms]
2023-05-26 16:48:29.763 [info] > git config --get commit.template [34ms]
2023-05-26 16:48:29.776 [info] > git for-each-ref --format=%(refname)%00%(upstream:short)%00%(objectname)%00%(upstream:track)%00%(upstream:remotename)%00%(upstream:remoteref) refs/heads/main refs/remotes/main [20ms]
2023-05-26 16:48:29.793 [info] > git for-each-ref --format=%(refname)%00%(upstream:short)%00%(objectname)%00%(upstream:track)%00%(upstream:remotename)%00%(upstream:remoteref) refs/heads/main refs/remotes/main [18ms]
2023-05-26 16:48:29.808 [info] > git status -z -uall [18ms]
2023-05-26 16:48:29.835 [info] > git status -z -uall [29ms]
2023-05-26 16:48:29.917 [info] > git config --get commit.template [83ms]
2023-05-26 16:48:29.938 [info] > git config --get commit.template [36ms]
2023-05-26 16:48:29.984 [info] > git for-each-ref --format=%(refname)%00%(upstream:short)%00%(objectname)%00%(upstream:track)%00%(upstream:remotename)%00%(upstream:remoteref) refs/heads/main refs/remotes/main [48ms]
2023-05-26 16:48:30.013 [info] > git status -z -uall [17ms]
2023-05-26 16:48:30.020 [info] > git for-each-ref --format=%(refname)%00%(upstream:short)%00%(objectname)%00%(upstream:track)%00%(upstream:remotename)%00%(upstream:remoteref) refs/heads/main refs/remotes/main [9ms]
2023-05-26 16:48:30.061 [info] > git status -z -uall [29ms]
2023-05-26 16:48:30.274 [info] > git check-ignore -v -z --stdin [41ms]
2023-05-26 16:48:30.479 [info] > git show --textconv :.config/awesome/rc.lua [17ms]
2023-05-26 16:48:30.489 [info] > git ls-files --stage -- /home/jkyon/.dotfiles/.config/awesome/rc.lua [10ms]
2023-05-26 16:48:30.507 [info] > git cat-file -s b93d31c4f8680d96f320409a71df3a901e59dccd [4ms]
2023-05-26 16:49:11.187 [info] > git config --get commit.template [68ms]
2023-05-26 16:49:11.193 [info] > git for-each-ref --format=%(refname)%00%(upstream:short)%00%(objectname)%00%(upstream:track)%00%(upstream:remotename)%00%(upstream:remoteref) refs/heads/main refs/remotes/main [13ms]
2023-05-26 16:49:11.279 [info] > git status -z -uall [43ms]
2023-05-26 16:49:11.510 [info] > git fetch [442ms]
2023-05-26 16:49:11.534 [info] > git config --get commit.template [8ms]
2023-05-26 16:49:11.535 [info] > git for-each-ref --format=%(refname)%00%(upstream:short)%00%(objectname)%00%(upstream:track)%00%(upstream:remotename)%00%(upstream:remoteref) refs/heads/main refs/remotes/main [3ms]
2023-05-26 16:49:11.557 [info] > git status -z -uall [15ms]
2023-05-26 16:49:12.004 [info] > git fetch [976ms]
2023-05-26 16:49:12.017 [info] > git config --get commit.template [7ms]
2023-05-26 16:49:12.018 [info] > git for-each-ref --format=%(refname)%00%(upstream:short)%00%(objectname)%00%(upstream:track)%00%(upstream:remotename)%00%(upstream:remoteref) refs/heads/main refs/remotes/main [2ms]
2023-05-26 16:49:12.026 [info] > git status -z -uall [3ms]
2023-05-26 16:49:13.197 [info] > git config --get commit.template [6ms]
2023-05-26 16:49:13.198 [info] > git for-each-ref --format=%(refname)%00%(upstream:short)%00%(objectname)%00%(upstream:track)%00%(upstream:remotename)%00%(upstream:remoteref) refs/heads/main refs/remotes/main [2ms]
2023-05-26 16:49:13.205 [info] > git status -z -uall [2ms]
2023-05-26 16:49:13.294 [info] > git ls-files --stage -- /home/jkyon/.dotfiles/.config/awesome/rc.lua [2ms]
2023-05-26 16:49:13.301 [info] > git cat-file -s b93d31c4f8680d96f320409a71df3a901e59dccd [2ms]
2023-05-26 16:49:13.311 [info] > git show --textconv :.config/awesome/rc.lua [3ms]
2023-05-26 16:49:16.312 [info] > git config --get commit.template [6ms]
2023-05-26 16:49:16.313 [info] > git for-each-ref --format=%(refname)%00%(upstream:short)%00%(objectname)%00%(upstream:track)%00%(upstream:remotename)%00%(upstream:remoteref) refs/heads/main refs/remotes/main [1ms]
2023-05-26 16:49:16.331 [info] > git status -z -uall [12ms]
2023-05-26 16:49:41.153 [info] > git config --get commit.template [22ms]
2023-05-26 16:49:41.156 [info] > git for-each-ref --format=%(refname)%00%(upstream:short)%00%(objectname)%00%(upstream:track)%00%(upstream:remotename)%00%(upstream:remoteref) refs/heads/main refs/remotes/main [6ms]
2023-05-26 16:49:41.190 [info] > git status -z -uall [25ms]
2023-05-26 16:50:53.140 [info] > git config --get commit.template [22ms]
2023-05-26 16:50:53.142 [info] > git for-each-ref --format=%(refname)%00%(upstream:short)%00%(objectname)%00%(upstream:track)%00%(upstream:remotename)%00%(upstream:remoteref) refs/heads/main refs/remotes/main [6ms]
2023-05-26 16:50:53.178 [info] > git status -z -uall [21ms]
2023-05-26 16:50:58.206 [info] > git config --get commit.template [8ms]
2023-05-26 16:50:58.207 [info] > git for-each-ref --format=%(refname)%00%(upstream:short)%00%(objectname)%00%(upstream:track)%00%(upstream:remotename)%00%(upstream:remoteref) refs/heads/main refs/remotes/main [2ms]
2023-05-26 16:50:58.232 [info] > git status -z -uall [17ms]
2023-05-26 16:51:55.879 [info] > git config --get commit.template [14ms]
2023-05-26 16:51:55.882 [info] > git for-each-ref --format=%(refname)%00%(upstream:short)%00%(objectname)%00%(upstream:track)%00%(upstream:remotename)%00%(upstream:remoteref) refs/heads/main refs/remotes/main [7ms]
2023-05-26 16:51:55.912 [info] > git status -z -uall [19ms]
2023-05-26 16:52:00.928 [info] > git config --get commit.template [1ms]
2023-05-26 16:52:00.941 [info] > git for-each-ref --format=%(refname)%00%(upstream:short)%00%(objectname)%00%(upstream:track)%00%(upstream:remotename)%00%(upstream:remoteref) refs/heads/main refs/remotes/main [4ms]
2023-05-26 16:52:00.984 [info] > git status -z -uall [29ms]
2023-05-26 16:52:10.223 [info] > git config --get commit.template [15ms]
2023-05-26 16:52:10.224 [info] > git for-each-ref --format=%(refname)%00%(upstream:short)%00%(objectname)%00%(upstream:track)%00%(upstream:remotename)%00%(upstream:remoteref) refs/heads/main refs/remotes/main [4ms]
2023-05-26 16:52:10.259 [info] > git status -z -uall [22ms]
2023-05-26 16:52:12.751 [info] > git fetch [712ms]
2023-05-26 16:52:12.758 [info] > git config --get commit.template [1ms]
2023-05-26 16:52:12.766 [info] > git for-each-ref --format=%(refname)%00%(upstream:short)%00%(objectname)%00%(upstream:track)%00%(upstream:remotename)%00%(upstream:remoteref) refs/heads/main refs/remotes/main [1ms]
2023-05-26 16:52:12.773 [info] > git status -z -uall [2ms]
2023-05-26 16:52:13.028 [info] > git fetch [1455ms]
2023-05-26 16:52:13.043 [info] > git config --get commit.template [8ms]
2023-05-26 16:52:13.044 [info] > git for-each-ref --format=%(refname)%00%(upstream:short)%00%(objectname)%00%(upstream:track)%00%(upstream:remotename)%00%(upstream:remoteref) refs/heads/main refs/remotes/main [2ms]
2023-05-26 16:52:13.064 [info] > git status -z -uall [12ms]
2023-05-26 16:52:13.841 [info] > git config --get commit.template [8ms]
2023-05-26 16:52:13.842 [info] > git for-each-ref --format=%(refname)%00%(upstream:short)%00%(objectname)%00%(upstream:track)%00%(upstream:remotename)%00%(upstream:remoteref) refs/heads/main refs/remotes/main [2ms]
2023-05-26 16:52:13.852 [info] > git status -z -uall [3ms]
2023-05-26 16:52:14.313 [info] > git ls-files --stage -- /home/jkyon/.dotfiles/.config/awesome/rc.lua [3ms]
2023-05-26 16:52:14.325 [info] > git cat-file -s b93d31c4f8680d96f320409a71df3a901e59dccd [2ms]
2023-05-26 16:52:14.343 [info] > git show --textconv :.config/awesome/rc.lua [2ms]
2023-05-26 16:52:15.288 [info] > git config --get commit.template [10ms]
2023-05-26 16:52:15.304 [info] > git for-each-ref --format=%(refname)%00%(upstream:short)%00%(objectname)%00%(upstream:track)%00%(upstream:remotename)%00%(upstream:remoteref) refs/heads/main refs/remotes/main [3ms]
2023-05-26 16:52:15.345 [info] > git status -z -uall [31ms]
2023-05-26 16:52:27.826 [info] > git config --get commit.template [16ms]
2023-05-26 16:52:27.832 [info] > git for-each-ref --format=%(refname)%00%(upstream:short)%00%(objectname)%00%(upstream:track)%00%(upstream:remotename)%00%(upstream:remoteref) refs/heads/main refs/remotes/main [8ms]
2023-05-26 16:52:27.872 [info] > git status -z -uall [28ms]
