2023-05-26 08:47:09.348 [info] Log level: Info
2023-05-26 08:47:09.348 [info] Validating found git in: "git"
2023-05-26 08:47:09.348 [info] Using git "2.39.3" from "git"
2023-05-26 08:47:09.348 [info] > git rev-parse --show-toplevel [26ms]
2023-05-26 08:47:09.381 [info] > git rev-parse --git-dir --git-common-dir [20ms]
2023-05-26 08:47:09.413 [info] Open repository: /home/jkyon/ShellScript
2023-05-26 08:47:09.455 [info] > git rev-parse --show-toplevel [23ms]
2023-05-26 08:47:09.470 [info] > git config --get commit.template [15ms]
2023-05-26 08:47:09.483 [info] > git rev-parse --git-dir --git-common-dir [15ms]
2023-05-26 08:47:09.499 [info] Open repository: /home/jkyon/.dotfiles
2023-05-26 08:47:09.566 [info] > git for-each-ref --format=%(refname)%00%(upstream:short)%00%(objectname)%00%(upstream:track)%00%(upstream:remotename)%00%(upstream:remoteref) refs/heads/main refs/remotes/main [85ms]
2023-05-26 08:47:09.590 [info] > git config --get commit.template [24ms]
2023-05-26 08:47:09.619 [info] > git status -z -uall [43ms]
2023-05-26 08:47:09.710 [info] > git for-each-ref --format=%(refname)%00%(upstream:short)%00%(objectname)%00%(upstream:track)%00%(upstream:remotename)%00%(upstream:remoteref) refs/heads/main refs/remotes/main [93ms]
2023-05-26 08:47:09.739 [info] > git config --get commit.template [73ms]
2023-05-26 08:47:09.756 [info] > git for-each-ref --format=%(refname)%00%(upstream:short)%00%(objectname)%00%(upstream:track)%00%(upstream:remotename)%00%(upstream:remoteref) refs/heads/main refs/remotes/main [4ms]
2023-05-26 08:47:09.845 [info] > git status -z -uall [116ms]
2023-05-26 08:47:09.845 [info] > git status -z -uall [22ms]
2023-05-26 08:47:09.926 [info] > git config --get commit.template [29ms]
2023-05-26 08:47:10.139 [info] > git check-ignore -v -z --stdin [25ms]
2023-05-26 08:47:10.142 [info] > git for-each-ref --format=%(refname)%00%(upstream:short)%00%(objectname)%00%(upstream:track)%00%(upstream:remotename)%00%(upstream:remoteref) refs/heads/main refs/remotes/main [59ms]
2023-05-26 08:47:10.154 [info] > git check-ignore -v -z --stdin [18ms]
2023-05-26 08:47:10.316 [info] > git status -z -uall [163ms]
2023-05-26 08:47:10.392 [info] > git show --textconv :.config/alacritty/alacritty.yml [15ms]
2023-05-26 08:47:10.405 [info] > git ls-files --stage -- /home/jkyon/.dotfiles/.config/alacritty/alacritty.yml [14ms]
2023-05-26 08:47:10.456 [info] > git cat-file -s 5e6146b8e040ff5a62603151ccf3422888fc7f6e [32ms]
2023-05-26 08:47:21.488 [info] > git config --get commit.template [31ms]
2023-05-26 08:47:21.490 [info] > git for-each-ref --format=%(refname)%00%(upstream:short)%00%(objectname)%00%(upstream:track)%00%(upstream:remotename)%00%(upstream:remoteref) refs/heads/main refs/remotes/main [4ms]
2023-05-26 08:47:21.544 [info] > git status -z -uall [29ms]
2023-05-26 08:47:21.830 [info] > git fetch [387ms]
2023-05-26 08:47:21.853 [info] > git config --get commit.template [10ms]
2023-05-26 08:47:21.853 [info] > git for-each-ref --format=%(refname)%00%(upstream:short)%00%(objectname)%00%(upstream:track)%00%(upstream:remotename)%00%(upstream:remoteref) refs/heads/main refs/remotes/main [2ms]
2023-05-26 08:47:21.889 [info] > git status -z -uall [25ms]
2023-05-26 08:47:22.270 [info] > git fetch [844ms]
2023-05-26 08:47:22.287 [info] > git config --get commit.template [9ms]
2023-05-26 08:47:22.288 [info] > git for-each-ref --format=%(refname)%00%(upstream:short)%00%(objectname)%00%(upstream:track)%00%(upstream:remotename)%00%(upstream:remoteref) refs/heads/main refs/remotes/main [2ms]
2023-05-26 08:47:22.298 [info] > git status -z -uall [2ms]
2023-05-26 08:47:23.495 [info] > git config --get commit.template [9ms]
2023-05-26 08:47:23.496 [info] > git for-each-ref --format=%(refname)%00%(upstream:short)%00%(objectname)%00%(upstream:track)%00%(upstream:remotename)%00%(upstream:remoteref) refs/heads/main refs/remotes/main [2ms]
2023-05-26 08:47:23.506 [info] > git status -z -uall [3ms]
2023-05-26 08:47:23.605 [info] > git ls-files --stage -- /home/jkyon/.dotfiles/.config/alacritty/alacritty.yml [3ms]
2023-05-26 08:47:23.618 [info] > git cat-file -s 5e6146b8e040ff5a62603151ccf3422888fc7f6e [3ms]
2023-05-26 08:47:23.636 [info] > git show --textconv :.config/alacritty/alacritty.yml [2ms]
2023-05-26 08:47:26.569 [info] > git config --get commit.template [1ms]
2023-05-26 08:47:26.580 [info] > git for-each-ref --format=%(refname)%00%(upstream:short)%00%(objectname)%00%(upstream:track)%00%(upstream:remotename)%00%(upstream:remoteref) refs/heads/main refs/remotes/main [2ms]
2023-05-26 08:47:26.611 [info] > git status -z -uall [22ms]
2023-05-26 08:47:31.645 [info] > git config --get commit.template [13ms]
2023-05-26 08:47:31.647 [info] > git for-each-ref --format=%(refname)%00%(upstream:short)%00%(objectname)%00%(upstream:track)%00%(upstream:remotename)%00%(upstream:remoteref) refs/heads/main refs/remotes/main [3ms]
2023-05-26 08:47:31.689 [info] > git status -z -uall [31ms]
2023-05-26 08:47:36.705 [info] > git config --get commit.template [2ms]
2023-05-26 08:47:36.715 [info] > git for-each-ref --format=%(refname)%00%(upstream:short)%00%(objectname)%00%(upstream:track)%00%(upstream:remotename)%00%(upstream:remoteref) refs/heads/main refs/remotes/main [2ms]
2023-05-26 08:47:36.741 [info] > git status -z -uall [18ms]
2023-05-26 08:48:01.685 [info] > git config --get commit.template [15ms]
2023-05-26 08:48:01.689 [info] > git for-each-ref --format=%(refname)%00%(upstream:short)%00%(objectname)%00%(upstream:track)%00%(upstream:remotename)%00%(upstream:remoteref) refs/heads/main refs/remotes/main [5ms]
2023-05-26 08:48:05.926 [info] Log level: Info
2023-05-26 08:48:05.926 [info] Validating found git in: "git"
2023-05-26 08:48:05.926 [info] Using git "2.39.3" from "git"
2023-05-26 08:48:05.935 [info] > git rev-parse --show-toplevel [32ms]
2023-05-26 08:48:06.000 [info] > git rev-parse --git-dir --git-common-dir [9ms]
2023-05-26 08:48:06.061 [info] Open repository: /home/jkyon/ShellScript
2023-05-26 08:48:06.252 [info] > git rev-parse --show-toplevel [140ms]
2023-05-26 08:48:06.288 [info] > git config --get commit.template [39ms]
2023-05-26 08:48:06.295 [info] > git rev-parse --git-dir --git-common-dir [28ms]
2023-05-26 08:48:06.331 [info] Open repository: /home/jkyon/.dotfiles
2023-05-26 08:48:06.466 [info] > git config --get commit.template [42ms]
2023-05-26 08:48:06.466 [info] > git for-each-ref --format=%(refname)%00%(upstream:short)%00%(objectname)%00%(upstream:track)%00%(upstream:remotename)%00%(upstream:remoteref) refs/heads/main refs/remotes/main [73ms]
2023-05-26 08:48:06.485 [info] > git rev-parse --show-toplevel [125ms]
2023-05-26 08:48:06.616 [info] > git status -z -uall [133ms]
2023-05-26 08:48:06.617 [info] > git rev-parse --show-toplevel [118ms]
2023-05-26 08:48:06.681 [info] > git ls-files --stage -- /home/jkyon/.dotfiles/.config/alacritty/alacritty.yml [49ms]
2023-05-26 08:48:06.700 [info] > git cat-file -s 5e6146b8e040ff5a62603151ccf3422888fc7f6e [9ms]
2023-05-26 08:48:06.702 [info] > git for-each-ref --format=%(refname)%00%(upstream:short)%00%(objectname)%00%(upstream:track)%00%(upstream:remotename)%00%(upstream:remoteref) refs/heads/main refs/remotes/main [23ms]
2023-05-26 08:48:06.753 [info] > git status -z -uall [41ms]
2023-05-26 08:48:06.754 [info] > git show --textconv :.config/alacritty/alacritty.yml [25ms]
2023-05-26 08:48:06.767 [info] > git fetch [436ms]
2023-05-26 08:48:06.809 [info] > git config --get commit.template [22ms]
2023-05-26 08:48:06.836 [info] > git for-each-ref --format=%(refname)%00%(upstream:short)%00%(objectname)%00%(upstream:track)%00%(upstream:remotename)%00%(upstream:remoteref) refs/heads/main refs/remotes/main [2ms]
2023-05-26 08:48:06.886 [info] > git status -z -uall [41ms]
2023-05-26 08:48:06.954 [info] > git check-ignore -v -z --stdin [9ms]
2023-05-26 08:48:06.957 [info] > git check-ignore -v -z --stdin [4ms]
2023-05-26 08:48:07.016 [info] > git fetch [960ms]
2023-05-26 08:48:07.026 [info] > git config --get commit.template [2ms]
2023-05-26 08:48:07.035 [info] > git for-each-ref --format=%(refname)%00%(upstream:short)%00%(objectname)%00%(upstream:track)%00%(upstream:remotename)%00%(upstream:remoteref) refs/heads/main refs/remotes/main [2ms]
2023-05-26 08:48:07.044 [info] > git status -z -uall [2ms]
2023-05-26 08:48:08.327 [info] > git config --get commit.template [13ms]
2023-05-26 08:48:08.328 [info] > git for-each-ref --format=%(refname)%00%(upstream:short)%00%(objectname)%00%(upstream:track)%00%(upstream:remotename)%00%(upstream:remoteref) refs/heads/main refs/remotes/main [3ms]
2023-05-26 08:48:08.338 [info] > git status -z -uall [3ms]
2023-05-26 08:48:08.405 [info] > git ls-files --stage -- /home/jkyon/.dotfiles/.config/alacritty/alacritty.yml [2ms]
2023-05-26 08:48:08.415 [info] > git cat-file -s 5e6146b8e040ff5a62603151ccf3422888fc7f6e [2ms]
2023-05-26 08:48:08.427 [info] > git show --textconv :.config/alacritty/alacritty.yml [3ms]
2023-05-26 08:48:08.834 [info] > git config --get commit.template [10ms]
2023-05-26 08:48:08.835 [info] > git for-each-ref --format=%(refname)%00%(upstream:short)%00%(objectname)%00%(upstream:track)%00%(upstream:remotename)%00%(upstream:remoteref) refs/heads/main refs/remotes/main [2ms]
2023-05-26 08:48:08.860 [info] > git status -z -uall [18ms]
2023-05-26 08:48:15.996 [info] > git config --get commit.template [10ms]
2023-05-26 08:48:15.997 [info] > git for-each-ref --format=%(refname)%00%(upstream:short)%00%(objectname)%00%(upstream:track)%00%(upstream:remotename)%00%(upstream:remoteref) refs/heads/main refs/remotes/main [2ms]
2023-05-26 08:48:16.026 [info] > git status -z -uall [21ms]
2023-05-26 08:48:19.004 [info] > git check-ignore -v -z --stdin [3ms]
2023-05-26 08:48:21.054 [info] > git config --get commit.template [8ms]
2023-05-26 08:48:21.055 [info] > git for-each-ref --format=%(refname)%00%(upstream:short)%00%(objectname)%00%(upstream:track)%00%(upstream:remotename)%00%(upstream:remoteref) refs/heads/main refs/remotes/main [2ms]
2023-05-26 08:48:21.083 [info] > git status -z -uall [21ms]
2023-05-26 08:48:22.058 [info] > git check-ignore -v -z --stdin [4ms]
2023-05-26 08:48:44.208 [info] > git check-ignore -v -z --stdin [3ms]
2023-05-26 08:48:49.345 [info] > git check-ignore -v -z --stdin [3ms]
2023-05-26 08:49:05.319 [info] > git config --get commit.template [9ms]
2023-05-26 08:49:05.320 [info] > git for-each-ref --format=%(refname)%00%(upstream:short)%00%(objectname)%00%(upstream:track)%00%(upstream:remotename)%00%(upstream:remoteref) refs/heads/main refs/remotes/main [2ms]
2023-05-26 08:49:05.349 [info] > git status -z -uall [21ms]
2023-05-26 08:49:08.400 [info] > git check-ignore -v -z --stdin [2ms]
2023-05-26 08:49:10.368 [info] > git config --get commit.template [4ms]
2023-05-26 08:49:10.379 [info] > git for-each-ref --format=%(refname)%00%(upstream:short)%00%(objectname)%00%(upstream:track)%00%(upstream:remotename)%00%(upstream:remoteref) refs/heads/main refs/remotes/main [3ms]
2023-05-26 08:49:10.410 [info] > git status -z -uall [24ms]
2023-05-26 08:49:11.018 [info] > git check-ignore -v -z --stdin [5ms]
2023-05-26 08:50:12.685 [info] > git config --get commit.template [11ms]
2023-05-26 08:50:12.686 [info] > git for-each-ref --format=%(refname)%00%(upstream:short)%00%(objectname)%00%(upstream:track)%00%(upstream:remotename)%00%(upstream:remoteref) refs/heads/main refs/remotes/main [2ms]
2023-05-26 08:50:12.715 [info] > git status -z -uall [19ms]
2023-05-26 08:50:17.997 [info] > git config --get commit.template [12ms]
2023-05-26 08:50:17.998 [info] > git for-each-ref --format=%(refname)%00%(upstream:short)%00%(objectname)%00%(upstream:track)%00%(upstream:remotename)%00%(upstream:remoteref) refs/heads/main refs/remotes/main [2ms]
2023-05-26 08:50:18.030 [info] > git status -z -uall [22ms]
2023-05-26 08:50:45.777 [info] > git config --get commit.template [12ms]
2023-05-26 08:50:45.779 [info] > git for-each-ref --format=%(refname)%00%(upstream:short)%00%(objectname)%00%(upstream:track)%00%(upstream:remotename)%00%(upstream:remoteref) refs/heads/main refs/remotes/main [2ms]
2023-05-26 08:50:45.814 [info] > git status -z -uall [29ms]
2023-05-26 08:50:50.847 [info] > git config --get commit.template [2ms]
2023-05-26 08:50:50.857 [info] > git for-each-ref --format=%(refname)%00%(upstream:short)%00%(objectname)%00%(upstream:track)%00%(upstream:remotename)%00%(upstream:remoteref) refs/heads/main refs/remotes/main [2ms]
2023-05-26 08:50:50.887 [info] > git status -z -uall [23ms]
2023-05-26 08:50:55.904 [info] > git config --get commit.template [2ms]
2023-05-26 08:50:55.916 [info] > git for-each-ref --format=%(refname)%00%(upstream:short)%00%(objectname)%00%(upstream:track)%00%(upstream:remotename)%00%(upstream:remoteref) refs/heads/main refs/remotes/main [3ms]
2023-05-26 08:50:55.943 [info] > git status -z -uall [19ms]
2023-05-26 08:51:00.964 [info] > git config --get commit.template [2ms]
2023-05-26 08:51:00.974 [info] > git for-each-ref --format=%(refname)%00%(upstream:short)%00%(objectname)%00%(upstream:track)%00%(upstream:remotename)%00%(upstream:remoteref) refs/heads/main refs/remotes/main [2ms]
2023-05-26 08:51:01.002 [info] > git status -z -uall [21ms]
2023-05-26 08:51:07.397 [info] > git fetch [493ms]
2023-05-26 08:51:07.414 [info] > git config --get commit.template [9ms]
2023-05-26 08:51:07.416 [info] > git for-each-ref --format=%(refname)%00%(upstream:short)%00%(objectname)%00%(upstream:track)%00%(upstream:remotename)%00%(upstream:remoteref) refs/heads/main refs/remotes/main [4ms]
2023-05-26 08:51:07.447 [info] > git status -z -uall [22ms]
2023-05-26 08:51:07.764 [info] > git fetch [706ms]
2023-05-26 08:51:07.781 [info] > git config --get commit.template [8ms]
2023-05-26 08:51:07.781 [info] > git for-each-ref --format=%(refname)%00%(upstream:short)%00%(objectname)%00%(upstream:track)%00%(upstream:remotename)%00%(upstream:remoteref) refs/heads/main refs/remotes/main [2ms]
2023-05-26 08:51:07.791 [info] > git status -z -uall [3ms]
2023-05-26 08:51:08.593 [info] > git config --get commit.template [8ms]
2023-05-26 08:51:08.594 [info] > git for-each-ref --format=%(refname)%00%(upstream:short)%00%(objectname)%00%(upstream:track)%00%(upstream:remotename)%00%(upstream:remoteref) refs/heads/main refs/remotes/main [2ms]
2023-05-26 08:51:08.620 [info] > git status -z -uall [20ms]
2023-05-26 08:51:08.930 [info] > git config --get commit.template [2ms]
2023-05-26 08:51:08.939 [info] > git for-each-ref --format=%(refname)%00%(upstream:short)%00%(objectname)%00%(upstream:track)%00%(upstream:remotename)%00%(upstream:remoteref) refs/heads/main refs/remotes/main [2ms]
2023-05-26 08:51:08.948 [info] > git status -z -uall [3ms]
2023-05-26 08:51:09.031 [info] > git ls-files --stage -- /home/jkyon/.dotfiles/.config/alacritty/alacritty.yml [1ms]
2023-05-26 08:51:09.038 [info] > git cat-file -s 5e6146b8e040ff5a62603151ccf3422888fc7f6e [1ms]
2023-05-26 08:51:09.048 [info] > git show --textconv :.config/alacritty/alacritty.yml [2ms]
2023-05-26 08:51:13.749 [info] > git show --textconv :.gitignore [7ms]
2023-05-26 08:51:13.751 [info] > git ls-files --stage -- /home/jkyon/.dotfiles/.gitignore [3ms]
2023-05-26 08:51:13.984 [info] > git check-ignore -v -z --stdin [3ms]
2023-05-26 08:51:15.210 [info] > git config --get commit.template [9ms]
2023-05-26 08:51:15.211 [info] > git for-each-ref --format=%(refname)%00%(upstream:short)%00%(objectname)%00%(upstream:track)%00%(upstream:remotename)%00%(upstream:remoteref) refs/heads/main refs/remotes/main [2ms]
2023-05-26 08:51:15.238 [info] > git status -z -uall [21ms]
2023-05-26 08:51:23.023 [info] > git config --get commit.template [8ms]
2023-05-26 08:51:23.025 [info] > git for-each-ref --format=%(refname)%00%(upstream:short)%00%(objectname)%00%(upstream:track)%00%(upstream:remotename)%00%(upstream:remoteref) refs/heads/main refs/remotes/main [3ms]
2023-05-26 08:51:23.052 [info] > git status -z -uall [21ms]
2023-05-26 08:51:28.080 [info] > git config --get commit.template [9ms]
2023-05-26 08:51:28.081 [info] > git for-each-ref --format=%(refname)%00%(upstream:short)%00%(objectname)%00%(upstream:track)%00%(upstream:remotename)%00%(upstream:remoteref) refs/heads/main refs/remotes/main [2ms]
2023-05-26 08:51:28.109 [info] > git status -z -uall [21ms]
2023-05-26 08:51:33.146 [info] > git config --get commit.template [13ms]
2023-05-26 08:51:33.147 [info] > git for-each-ref --format=%(refname)%00%(upstream:short)%00%(objectname)%00%(upstream:track)%00%(upstream:remotename)%00%(upstream:remoteref) refs/heads/main refs/remotes/main [3ms]
2023-05-26 08:51:33.180 [info] > git status -z -uall [27ms]
2023-05-26 08:51:36.720 [info] > git check-ignore -v -z --stdin [9ms]
2023-05-26 08:51:36.721 [info] > git check-ignore -v -z --stdin [3ms]
2023-05-26 08:51:38.201 [info] > git config --get commit.template [7ms]
2023-05-26 08:51:38.203 [info] > git for-each-ref --format=%(refname)%00%(upstream:short)%00%(objectname)%00%(upstream:track)%00%(upstream:remotename)%00%(upstream:remoteref) refs/heads/main refs/remotes/main [1ms]
2023-05-26 08:51:38.226 [info] > git status -z -uall [17ms]
2023-05-26 08:51:45.613 [info] > git check-ignore -v -z --stdin [9ms]
2023-05-26 08:51:45.614 [info] > git check-ignore -v -z --stdin [2ms]
2023-05-26 08:51:46.192 [info] > git check-ignore -v -z --stdin [14ms]
2023-05-26 08:51:46.194 [info] > git check-ignore -v -z --stdin [4ms]
2023-05-26 08:51:46.573 [info] > git config --get commit.template [10ms]
2023-05-26 08:51:46.575 [info] > git for-each-ref --format=%(refname)%00%(upstream:short)%00%(objectname)%00%(upstream:track)%00%(upstream:remotename)%00%(upstream:remoteref) refs/heads/main refs/remotes/main [2ms]
2023-05-26 08:51:46.605 [info] > git status -z -uall [22ms]
2023-05-26 08:51:48.028 [info] > git check-ignore -v -z --stdin [14ms]
2023-05-26 08:51:48.029 [info] > git check-ignore -v -z --stdin [2ms]
2023-05-26 08:51:51.643 [info] > git config --get commit.template [12ms]
2023-05-26 08:51:51.645 [info] > git for-each-ref --format=%(refname)%00%(upstream:short)%00%(objectname)%00%(upstream:track)%00%(upstream:remotename)%00%(upstream:remoteref) refs/heads/main refs/remotes/main [3ms]
2023-05-26 08:51:51.677 [info] > git status -z -uall [19ms]
2023-05-26 08:51:52.514 [info] > git check-ignore -v -z --stdin [3ms]
2023-05-26 08:52:08.716 [info] > git config --get commit.template [10ms]
2023-05-26 08:52:08.717 [info] > git for-each-ref --format=%(refname)%00%(upstream:short)%00%(objectname)%00%(upstream:track)%00%(upstream:remotename)%00%(upstream:remoteref) refs/heads/main refs/remotes/main [2ms]
2023-05-26 08:52:08.755 [info] > git status -z -uall [27ms]
2023-05-26 08:52:13.786 [info] > git config --get commit.template [10ms]
2023-05-26 08:52:13.790 [info] > git for-each-ref --format=%(refname)%00%(upstream:short)%00%(objectname)%00%(upstream:track)%00%(upstream:remotename)%00%(upstream:remoteref) refs/heads/main refs/remotes/main [5ms]
2023-05-26 08:52:13.821 [info] > git status -z -uall [23ms]
