2023-05-25 11:57:09.048 [info] Log level: Info
2023-05-25 11:57:09.048 [info] Validating found git in: "git"
2023-05-25 11:57:09.048 [info] Using git "2.39.3" from "git"
2023-05-25 11:57:09.130 [info] > git rev-parse --show-toplevel [76ms]
2023-05-25 11:57:09.187 [info] > git rev-parse --git-dir --git-common-dir [15ms]
2023-05-25 11:57:09.217 [info] Open repository: /home/jkyon/ShellScript
2023-05-25 11:57:09.297 [info] > git config --get commit.template [33ms]
2023-05-25 11:57:09.299 [info] > git rev-parse --show-toplevel [51ms]
2023-05-25 11:57:09.299 [info] fatal: not a git repository (or any of the parent directories): .git
2023-05-25 11:57:09.366 [info] > git for-each-ref --format=%(refname)%00%(upstream:short)%00%(objectname)%00%(upstream:track)%00%(upstream:remotename)%00%(upstream:remoteref) refs/heads/main refs/remotes/main [8ms]
2023-05-25 11:57:09.388 [info] > git status -z -uall [6ms]
2023-05-25 11:57:09.436 [info] > git config --get commit.template [15ms]
2023-05-25 11:57:09.441 [info] > git for-each-ref --format=%(refname)%00%(upstream:short)%00%(objectname)%00%(upstream:track)%00%(upstream:remotename)%00%(upstream:remoteref) refs/heads/main refs/remotes/main [6ms]
2023-05-25 11:57:09.456 [info] > git status -z -uall [5ms]
2023-05-25 11:57:09.870 [info] > git check-ignore -v -z --stdin [16ms]
2023-05-25 11:57:23.051 [info] > git fetch [749ms]
2023-05-25 11:57:23.070 [info] > git config --get commit.template [9ms]
2023-05-25 11:57:23.071 [info] > git for-each-ref --format=%(refname)%00%(upstream:short)%00%(objectname)%00%(upstream:track)%00%(upstream:remotename)%00%(upstream:remoteref) refs/heads/main refs/remotes/main [2ms]
2023-05-25 11:57:23.085 [info] > git status -z -uall [4ms]
2023-05-25 11:57:24.148 [info] > git config --get commit.template [9ms]
2023-05-25 11:57:24.149 [info] > git for-each-ref --format=%(refname)%00%(upstream:short)%00%(objectname)%00%(upstream:track)%00%(upstream:remotename)%00%(upstream:remoteref) refs/heads/main refs/remotes/main [2ms]
2023-05-25 11:57:24.160 [info] > git status -z -uall [3ms]
2023-05-25 12:00:23.894 [info] > git fetch [795ms]
2023-05-25 12:00:23.905 [info] > git config --get commit.template [3ms]
2023-05-25 12:00:23.914 [info] > git for-each-ref --format=%(refname)%00%(upstream:short)%00%(objectname)%00%(upstream:track)%00%(upstream:remotename)%00%(upstream:remoteref) refs/heads/main refs/remotes/main [2ms]
2023-05-25 12:00:23.923 [info] > git status -z -uall [3ms]
2023-05-25 12:00:24.984 [info] > git config --get commit.template [2ms]
2023-05-25 12:00:24.993 [info] > git for-each-ref --format=%(refname)%00%(upstream:short)%00%(objectname)%00%(upstream:track)%00%(upstream:remotename)%00%(upstream:remoteref) refs/heads/main refs/remotes/main [2ms]
2023-05-25 12:00:25.002 [info] > git status -z -uall [2ms]
2023-05-25 12:03:24.798 [info] > git fetch [858ms]
2023-05-25 12:03:24.813 [info] > git config --get commit.template [8ms]
2023-05-25 12:03:24.814 [info] > git for-each-ref --format=%(refname)%00%(upstream:short)%00%(objectname)%00%(upstream:track)%00%(upstream:remotename)%00%(upstream:remoteref) refs/heads/main refs/remotes/main [2ms]
2023-05-25 12:03:24.823 [info] > git status -z -uall [3ms]
2023-05-25 12:03:25.892 [info] > git config --get commit.template [8ms]
2023-05-25 12:03:25.893 [info] > git for-each-ref --format=%(refname)%00%(upstream:short)%00%(objectname)%00%(upstream:track)%00%(upstream:remotename)%00%(upstream:remoteref) refs/heads/main refs/remotes/main [2ms]
2023-05-25 12:03:25.902 [info] > git status -z -uall [3ms]
2023-05-25 12:06:25.792 [info] > git fetch [952ms]
2023-05-25 12:06:25.807 [info] > git config --get commit.template [8ms]
2023-05-25 12:06:25.808 [info] > git for-each-ref --format=%(refname)%00%(upstream:short)%00%(objectname)%00%(upstream:track)%00%(upstream:remotename)%00%(upstream:remoteref) refs/heads/main refs/remotes/main [2ms]
2023-05-25 12:06:25.817 [info] > git status -z -uall [3ms]
2023-05-25 12:06:26.883 [info] > git config --get commit.template [7ms]
2023-05-25 12:06:26.884 [info] > git for-each-ref --format=%(refname)%00%(upstream:short)%00%(objectname)%00%(upstream:track)%00%(upstream:remotename)%00%(upstream:remoteref) refs/heads/main refs/remotes/main [1ms]
2023-05-25 12:06:26.893 [info] > git status -z -uall [3ms]
2023-05-25 12:09:26.590 [info] > git fetch [755ms]
2023-05-25 12:09:26.605 [info] > git config --get commit.template [8ms]
2023-05-25 12:09:26.606 [info] > git for-each-ref --format=%(refname)%00%(upstream:short)%00%(objectname)%00%(upstream:track)%00%(upstream:remotename)%00%(upstream:remoteref) refs/heads/main refs/remotes/main [2ms]
2023-05-25 12:09:26.615 [info] > git status -z -uall [3ms]
2023-05-25 12:09:27.675 [info] > git config --get commit.template [5ms]
2023-05-25 12:09:27.685 [info] > git for-each-ref --format=%(refname)%00%(upstream:short)%00%(objectname)%00%(upstream:track)%00%(upstream:remotename)%00%(upstream:remoteref) refs/heads/main refs/remotes/main [2ms]
2023-05-25 12:09:27.695 [info] > git status -z -uall [3ms]
2023-05-25 12:12:27.366 [info] > git fetch [733ms]
2023-05-25 12:12:27.381 [info] > git config --get commit.template [7ms]
2023-05-25 12:12:27.382 [info] > git for-each-ref --format=%(refname)%00%(upstream:short)%00%(objectname)%00%(upstream:track)%00%(upstream:remotename)%00%(upstream:remoteref) refs/heads/main refs/remotes/main [2ms]
2023-05-25 12:12:27.391 [info] > git status -z -uall [3ms]
2023-05-25 12:12:28.459 [info] > git config --get commit.template [7ms]
2023-05-25 12:12:28.460 [info] > git for-each-ref --format=%(refname)%00%(upstream:short)%00%(objectname)%00%(upstream:track)%00%(upstream:remotename)%00%(upstream:remoteref) refs/heads/main refs/remotes/main [2ms]
2023-05-25 12:12:28.469 [info] > git status -z -uall [3ms]
2023-05-25 12:15:28.256 [info] > git fetch [846ms]
2023-05-25 12:15:28.271 [info] > git config --get commit.template [8ms]
2023-05-25 12:15:28.272 [info] > git for-each-ref --format=%(refname)%00%(upstream:short)%00%(objectname)%00%(upstream:track)%00%(upstream:remotename)%00%(upstream:remoteref) refs/heads/main refs/remotes/main [2ms]
2023-05-25 12:15:28.282 [info] > git status -z -uall [4ms]
2023-05-25 12:15:29.350 [info] > git config --get commit.template [9ms]
2023-05-25 12:15:29.351 [info] > git for-each-ref --format=%(refname)%00%(upstream:short)%00%(objectname)%00%(upstream:track)%00%(upstream:remotename)%00%(upstream:remoteref) refs/heads/main refs/remotes/main [2ms]
2023-05-25 12:15:29.360 [info] > git status -z -uall [2ms]
2023-05-25 12:18:29.055 [info] > git fetch [756ms]
2023-05-25 12:18:29.070 [info] > git config --get commit.template [8ms]
2023-05-25 12:18:29.071 [info] > git for-each-ref --format=%(refname)%00%(upstream:short)%00%(objectname)%00%(upstream:track)%00%(upstream:remotename)%00%(upstream:remoteref) refs/heads/main refs/remotes/main [2ms]
2023-05-25 12:18:29.080 [info] > git status -z -uall [3ms]
2023-05-25 12:18:30.148 [info] > git config --get commit.template [8ms]
2023-05-25 12:18:30.149 [info] > git for-each-ref --format=%(refname)%00%(upstream:short)%00%(objectname)%00%(upstream:track)%00%(upstream:remotename)%00%(upstream:remoteref) refs/heads/main refs/remotes/main [2ms]
2023-05-25 12:18:30.158 [info] > git status -z -uall [3ms]
2023-05-25 12:21:29.838 [info] > git fetch [743ms]
2023-05-25 12:21:29.849 [info] > git config --get commit.template [3ms]
2023-05-25 12:21:29.857 [info] > git for-each-ref --format=%(refname)%00%(upstream:short)%00%(objectname)%00%(upstream:track)%00%(upstream:remotename)%00%(upstream:remoteref) refs/heads/main refs/remotes/main [2ms]
2023-05-25 12:21:29.866 [info] > git status -z -uall [2ms]
2023-05-25 12:21:30.926 [info] > git config --get commit.template [8ms]
2023-05-25 12:21:30.927 [info] > git for-each-ref --format=%(refname)%00%(upstream:short)%00%(objectname)%00%(upstream:track)%00%(upstream:remotename)%00%(upstream:remoteref) refs/heads/main refs/remotes/main [2ms]
2023-05-25 12:21:30.936 [info] > git status -z -uall [3ms]
2023-05-25 12:24:31.083 [info] > git fetch [1199ms]
2023-05-25 12:24:31.097 [info] > git config --get commit.template [7ms]
2023-05-25 12:24:31.099 [info] > git for-each-ref --format=%(refname)%00%(upstream:short)%00%(objectname)%00%(upstream:track)%00%(upstream:remotename)%00%(upstream:remoteref) refs/heads/main refs/remotes/main [2ms]
2023-05-25 12:24:31.107 [info] > git status -z -uall [2ms]
2023-05-25 12:24:32.177 [info] > git config --get commit.template [8ms]
2023-05-25 12:24:32.178 [info] > git for-each-ref --format=%(refname)%00%(upstream:short)%00%(objectname)%00%(upstream:track)%00%(upstream:remotename)%00%(upstream:remoteref) refs/heads/main refs/remotes/main [2ms]
2023-05-25 12:24:32.187 [info] > git status -z -uall [2ms]
2023-05-25 12:27:31.835 [info] > git fetch [712ms]
2023-05-25 12:27:31.851 [info] > git config --get commit.template [8ms]
2023-05-25 12:27:31.853 [info] > git for-each-ref --format=%(refname)%00%(upstream:short)%00%(objectname)%00%(upstream:track)%00%(upstream:remotename)%00%(upstream:remoteref) refs/heads/main refs/remotes/main [3ms]
2023-05-25 12:27:31.862 [info] > git status -z -uall [3ms]
2023-05-25 12:27:32.928 [info] > git config --get commit.template [7ms]
2023-05-25 12:27:32.929 [info] > git for-each-ref --format=%(refname)%00%(upstream:short)%00%(objectname)%00%(upstream:track)%00%(upstream:remotename)%00%(upstream:remoteref) refs/heads/main refs/remotes/main [2ms]
2023-05-25 12:27:32.938 [info] > git status -z -uall [2ms]
2023-05-25 12:30:32.565 [info] > git fetch [686ms]
2023-05-25 12:30:32.577 [info] > git config --get commit.template [6ms]
2023-05-25 12:30:32.578 [info] > git for-each-ref --format=%(refname)%00%(upstream:short)%00%(objectname)%00%(upstream:track)%00%(upstream:remotename)%00%(upstream:remoteref) refs/heads/main refs/remotes/main [1ms]
2023-05-25 12:30:32.586 [info] > git status -z -uall [2ms]
2023-05-25 12:30:33.655 [info] > git config --get commit.template [8ms]
2023-05-25 12:30:33.656 [info] > git for-each-ref --format=%(refname)%00%(upstream:short)%00%(objectname)%00%(upstream:track)%00%(upstream:remotename)%00%(upstream:remoteref) refs/heads/main refs/remotes/main [2ms]
2023-05-25 12:30:33.666 [info] > git status -z -uall [3ms]
2023-05-25 12:33:33.435 [info] > git fetch [831ms]
2023-05-25 12:33:33.450 [info] > git config --get commit.template [8ms]
2023-05-25 12:33:33.452 [info] > git for-each-ref --format=%(refname)%00%(upstream:short)%00%(objectname)%00%(upstream:track)%00%(upstream:remotename)%00%(upstream:remoteref) refs/heads/main refs/remotes/main [2ms]
2023-05-25 12:33:33.461 [info] > git status -z -uall [3ms]
2023-05-25 12:33:34.528 [info] > git config --get commit.template [8ms]
2023-05-25 12:33:34.529 [info] > git for-each-ref --format=%(refname)%00%(upstream:short)%00%(objectname)%00%(upstream:track)%00%(upstream:remotename)%00%(upstream:remoteref) refs/heads/main refs/remotes/main [2ms]
2023-05-25 12:33:34.538 [info] > git status -z -uall [2ms]
2023-05-25 12:36:34.189 [info] > git fetch [713ms]
2023-05-25 12:36:34.205 [info] > git config --get commit.template [8ms]
2023-05-25 12:36:34.206 [info] > git for-each-ref --format=%(refname)%00%(upstream:short)%00%(objectname)%00%(upstream:track)%00%(upstream:remotename)%00%(upstream:remoteref) refs/heads/main refs/remotes/main [2ms]
2023-05-25 12:36:34.216 [info] > git status -z -uall [3ms]
2023-05-25 12:36:35.283 [info] > git config --get commit.template [8ms]
2023-05-25 12:36:35.284 [info] > git for-each-ref --format=%(refname)%00%(upstream:short)%00%(objectname)%00%(upstream:track)%00%(upstream:remotename)%00%(upstream:remoteref) refs/heads/main refs/remotes/main [2ms]
2023-05-25 12:36:35.295 [info] > git status -z -uall [3ms]
2023-05-25 12:39:34.931 [info] > git fetch [700ms]
2023-05-25 12:39:34.946 [info] > git config --get commit.template [8ms]
2023-05-25 12:39:34.947 [info] > git for-each-ref --format=%(refname)%00%(upstream:short)%00%(objectname)%00%(upstream:track)%00%(upstream:remotename)%00%(upstream:remoteref) refs/heads/main refs/remotes/main [2ms]
2023-05-25 12:39:34.956 [info] > git status -z -uall [3ms]
2023-05-25 12:39:36.025 [info] > git config --get commit.template [8ms]
2023-05-25 12:39:36.026 [info] > git for-each-ref --format=%(refname)%00%(upstream:short)%00%(objectname)%00%(upstream:track)%00%(upstream:remotename)%00%(upstream:remoteref) refs/heads/main refs/remotes/main [2ms]
2023-05-25 12:39:36.035 [info] > git status -z -uall [2ms]
2023-05-25 12:42:35.675 [info] > git fetch [704ms]
2023-05-25 12:42:35.686 [info] > git config --get commit.template [6ms]
2023-05-25 12:42:35.687 [info] > git for-each-ref --format=%(refname)%00%(upstream:short)%00%(objectname)%00%(upstream:track)%00%(upstream:remotename)%00%(upstream:remoteref) refs/heads/main refs/remotes/main [1ms]
2023-05-25 12:42:35.695 [info] > git status -z -uall [2ms]
2023-05-25 12:42:36.763 [info] > git config --get commit.template [3ms]
2023-05-25 12:42:36.771 [info] > git for-each-ref --format=%(refname)%00%(upstream:short)%00%(objectname)%00%(upstream:track)%00%(upstream:remotename)%00%(upstream:remoteref) refs/heads/main refs/remotes/main [2ms]
2023-05-25 12:42:36.780 [info] > git status -z -uall [2ms]
2023-05-25 12:45:36.438 [info] > git fetch [733ms]
2023-05-25 12:45:36.455 [info] > git config --get commit.template [8ms]
2023-05-25 12:45:36.456 [info] > git for-each-ref --format=%(refname)%00%(upstream:short)%00%(objectname)%00%(upstream:track)%00%(upstream:remotename)%00%(upstream:remoteref) refs/heads/main refs/remotes/main [2ms]
2023-05-25 12:45:36.466 [info] > git status -z -uall [3ms]
2023-05-25 12:45:37.540 [info] > git config --get commit.template [8ms]
2023-05-25 12:45:37.541 [info] > git for-each-ref --format=%(refname)%00%(upstream:short)%00%(objectname)%00%(upstream:track)%00%(upstream:remotename)%00%(upstream:remoteref) refs/heads/main refs/remotes/main [2ms]
2023-05-25 12:45:37.550 [info] > git status -z -uall [3ms]
2023-05-25 12:48:37.245 [info] > git fetch [762ms]
2023-05-25 12:48:37.259 [info] > git config --get commit.template [7ms]
2023-05-25 12:48:37.260 [info] > git for-each-ref --format=%(refname)%00%(upstream:short)%00%(objectname)%00%(upstream:track)%00%(upstream:remotename)%00%(upstream:remoteref) refs/heads/main refs/remotes/main [2ms]
2023-05-25 12:48:37.269 [info] > git status -z -uall [3ms]
2023-05-25 12:48:38.338 [info] > git config --get commit.template [8ms]
2023-05-25 12:48:38.339 [info] > git for-each-ref --format=%(refname)%00%(upstream:short)%00%(objectname)%00%(upstream:track)%00%(upstream:remotename)%00%(upstream:remoteref) refs/heads/main refs/remotes/main [2ms]
2023-05-25 12:48:38.349 [info] > git status -z -uall [3ms]
2023-05-25 12:51:38.004 [info] > git fetch [718ms]
2023-05-25 12:51:38.019 [info] > git config --get commit.template [7ms]
2023-05-25 12:51:38.021 [info] > git for-each-ref --format=%(refname)%00%(upstream:short)%00%(objectname)%00%(upstream:track)%00%(upstream:remotename)%00%(upstream:remoteref) refs/heads/main refs/remotes/main [3ms]
2023-05-25 12:51:38.029 [info] > git status -z -uall [3ms]
2023-05-25 12:51:39.098 [info] > git config --get commit.template [8ms]
2023-05-25 12:51:39.099 [info] > git for-each-ref --format=%(refname)%00%(upstream:short)%00%(objectname)%00%(upstream:track)%00%(upstream:remotename)%00%(upstream:remoteref) refs/heads/main refs/remotes/main [2ms]
2023-05-25 12:51:39.108 [info] > git status -z -uall [3ms]
2023-05-25 12:54:38.908 [info] > git fetch [860ms]
2023-05-25 12:54:38.924 [info] > git config --get commit.template [7ms]
2023-05-25 12:54:38.925 [info] > git for-each-ref --format=%(refname)%00%(upstream:short)%00%(objectname)%00%(upstream:track)%00%(upstream:remotename)%00%(upstream:remoteref) refs/heads/main refs/remotes/main [2ms]
2023-05-25 12:54:38.934 [info] > git status -z -uall [3ms]
2023-05-25 12:54:39.997 [info] > git config --get commit.template [8ms]
2023-05-25 12:54:39.998 [info] > git for-each-ref --format=%(refname)%00%(upstream:short)%00%(objectname)%00%(upstream:track)%00%(upstream:remotename)%00%(upstream:remoteref) refs/heads/main refs/remotes/main [2ms]
2023-05-25 12:54:40.007 [info] > git status -z -uall [2ms]
2023-05-25 12:57:39.704 [info] > git fetch [751ms]
2023-05-25 12:57:39.717 [info] > git config --get commit.template [7ms]
2023-05-25 12:57:39.718 [info] > git for-each-ref --format=%(refname)%00%(upstream:short)%00%(objectname)%00%(upstream:track)%00%(upstream:remotename)%00%(upstream:remoteref) refs/heads/main refs/remotes/main [2ms]
2023-05-25 12:57:39.726 [info] > git status -z -uall [2ms]
2023-05-25 12:57:40.798 [info] > git config --get commit.template [8ms]
2023-05-25 12:57:40.799 [info] > git for-each-ref --format=%(refname)%00%(upstream:short)%00%(objectname)%00%(upstream:track)%00%(upstream:remotename)%00%(upstream:remoteref) refs/heads/main refs/remotes/main [2ms]
2023-05-25 12:57:40.809 [info] > git status -z -uall [3ms]
2023-05-25 13:00:40.538 [info] > git fetch [794ms]
2023-05-25 13:00:40.553 [info] > git config --get commit.template [7ms]
2023-05-25 13:00:40.554 [info] > git for-each-ref --format=%(refname)%00%(upstream:short)%00%(objectname)%00%(upstream:track)%00%(upstream:remotename)%00%(upstream:remoteref) refs/heads/main refs/remotes/main [2ms]
2023-05-25 13:00:40.563 [info] > git status -z -uall [3ms]
2023-05-25 13:00:41.631 [info] > git config --get commit.template [8ms]
2023-05-25 13:00:41.632 [info] > git for-each-ref --format=%(refname)%00%(upstream:short)%00%(objectname)%00%(upstream:track)%00%(upstream:remotename)%00%(upstream:remoteref) refs/heads/main refs/remotes/main [2ms]
2023-05-25 13:00:41.641 [info] > git status -z -uall [3ms]
2023-05-25 13:03:41.348 [info] > git fetch [771ms]
2023-05-25 13:03:41.365 [info] > git config --get commit.template [9ms]
2023-05-25 13:03:41.365 [info] > git for-each-ref --format=%(refname)%00%(upstream:short)%00%(objectname)%00%(upstream:track)%00%(upstream:remotename)%00%(upstream:remoteref) refs/heads/main refs/remotes/main [1ms]
2023-05-25 13:03:41.375 [info] > git status -z -uall [3ms]
2023-05-25 13:03:42.441 [info] > git config --get commit.template [8ms]
2023-05-25 13:03:42.442 [info] > git for-each-ref --format=%(refname)%00%(upstream:short)%00%(objectname)%00%(upstream:track)%00%(upstream:remotename)%00%(upstream:remoteref) refs/heads/main refs/remotes/main [2ms]
2023-05-25 13:03:42.451 [info] > git status -z -uall [3ms]
2023-05-25 13:06:42.117 [info] > git fetch [726ms]
2023-05-25 13:06:42.129 [info] > git config --get commit.template [6ms]
2023-05-25 13:06:42.130 [info] > git for-each-ref --format=%(refname)%00%(upstream:short)%00%(objectname)%00%(upstream:track)%00%(upstream:remotename)%00%(upstream:remoteref) refs/heads/main refs/remotes/main [1ms]
2023-05-25 13:06:42.138 [info] > git status -z -uall [2ms]
2023-05-25 13:06:43.212 [info] > git config --get commit.template [8ms]
2023-05-25 13:06:43.214 [info] > git for-each-ref --format=%(refname)%00%(upstream:short)%00%(objectname)%00%(upstream:track)%00%(upstream:remotename)%00%(upstream:remoteref) refs/heads/main refs/remotes/main [2ms]
2023-05-25 13:06:43.223 [info] > git status -z -uall [2ms]
2023-05-25 13:09:42.883 [info] > git fetch [730ms]
2023-05-25 13:09:42.895 [info] > git config --get commit.template [6ms]
2023-05-25 13:09:42.896 [info] > git for-each-ref --format=%(refname)%00%(upstream:short)%00%(objectname)%00%(upstream:track)%00%(upstream:remotename)%00%(upstream:remoteref) refs/heads/main refs/remotes/main [1ms]
2023-05-25 13:09:42.903 [info] > git status -z -uall [2ms]
2023-05-25 13:09:43.971 [info] > git config --get commit.template [2ms]
2023-05-25 13:09:43.980 [info] > git for-each-ref --format=%(refname)%00%(upstream:short)%00%(objectname)%00%(upstream:track)%00%(upstream:remotename)%00%(upstream:remoteref) refs/heads/main refs/remotes/main [2ms]
2023-05-25 13:09:43.990 [info] > git status -z -uall [3ms]
2023-05-25 13:12:43.665 [info] > git fetch [746ms]
2023-05-25 13:12:43.680 [info] > git config --get commit.template [7ms]
2023-05-25 13:12:43.682 [info] > git for-each-ref --format=%(refname)%00%(upstream:short)%00%(objectname)%00%(upstream:track)%00%(upstream:remotename)%00%(upstream:remoteref) refs/heads/main refs/remotes/main [3ms]
2023-05-25 13:12:43.690 [info] > git status -z -uall [2ms]
2023-05-25 13:12:44.758 [info] > git config --get commit.template [8ms]
2023-05-25 13:12:44.759 [info] > git for-each-ref --format=%(refname)%00%(upstream:short)%00%(objectname)%00%(upstream:track)%00%(upstream:remotename)%00%(upstream:remoteref) refs/heads/main refs/remotes/main [1ms]
2023-05-25 13:12:44.768 [info] > git status -z -uall [3ms]
2023-05-25 13:15:44.418 [info] > git fetch [712ms]
2023-05-25 13:15:44.433 [info] > git config --get commit.template [8ms]
2023-05-25 13:15:44.434 [info] > git for-each-ref --format=%(refname)%00%(upstream:short)%00%(objectname)%00%(upstream:track)%00%(upstream:remotename)%00%(upstream:remoteref) refs/heads/main refs/remotes/main [2ms]
2023-05-25 13:15:44.444 [info] > git status -z -uall [3ms]
2023-05-25 13:15:45.508 [info] > git config --get commit.template [8ms]
2023-05-25 13:15:45.509 [info] > git for-each-ref --format=%(refname)%00%(upstream:short)%00%(objectname)%00%(upstream:track)%00%(upstream:remotename)%00%(upstream:remoteref) refs/heads/main refs/remotes/main [2ms]
2023-05-25 13:15:45.525 [info] > git status -z -uall [4ms]
2023-05-25 13:18:46.194 [info] > git fetch [1731ms]
2023-05-25 13:18:46.209 [info] > git config --get commit.template [8ms]
2023-05-25 13:18:46.210 [info] > git for-each-ref --format=%(refname)%00%(upstream:short)%00%(objectname)%00%(upstream:track)%00%(upstream:remotename)%00%(upstream:remoteref) refs/heads/main refs/remotes/main [2ms]
2023-05-25 13:18:46.219 [info] > git status -z -uall [2ms]
2023-05-25 13:18:47.289 [info] > git config --get commit.template [9ms]
2023-05-25 13:18:47.290 [info] > git for-each-ref --format=%(refname)%00%(upstream:short)%00%(objectname)%00%(upstream:track)%00%(upstream:remotename)%00%(upstream:remoteref) refs/heads/main refs/remotes/main [2ms]
2023-05-25 13:18:47.299 [info] > git status -z -uall [3ms]
2023-05-25 13:21:46.931 [info] > git fetch [695ms]
2023-05-25 13:21:46.946 [info] > git config --get commit.template [8ms]
2023-05-25 13:21:46.948 [info] > git for-each-ref --format=%(refname)%00%(upstream:short)%00%(objectname)%00%(upstream:track)%00%(upstream:remotename)%00%(upstream:remoteref) refs/heads/main refs/remotes/main [3ms]
2023-05-25 13:21:46.957 [info] > git status -z -uall [3ms]
2023-05-25 13:21:48.020 [info] > git config --get commit.template [8ms]
2023-05-25 13:21:48.021 [info] > git for-each-ref --format=%(refname)%00%(upstream:short)%00%(objectname)%00%(upstream:track)%00%(upstream:remotename)%00%(upstream:remoteref) refs/heads/main refs/remotes/main [2ms]
2023-05-25 13:21:48.030 [info] > git status -z -uall [3ms]
2023-05-25 13:24:47.691 [info] > git fetch [718ms]
2023-05-25 13:24:47.706 [info] > git config --get commit.template [8ms]
2023-05-25 13:24:47.707 [info] > git for-each-ref --format=%(refname)%00%(upstream:short)%00%(objectname)%00%(upstream:track)%00%(upstream:remotename)%00%(upstream:remoteref) refs/heads/main refs/remotes/main [2ms]
2023-05-25 13:24:47.716 [info] > git status -z -uall [3ms]
2023-05-25 13:24:48.785 [info] > git config --get commit.template [8ms]
2023-05-25 13:24:48.786 [info] > git for-each-ref --format=%(refname)%00%(upstream:short)%00%(objectname)%00%(upstream:track)%00%(upstream:remotename)%00%(upstream:remoteref) refs/heads/main refs/remotes/main [2ms]
2023-05-25 13:24:48.795 [info] > git status -z -uall [2ms]
2023-05-25 13:27:48.534 [info] > git fetch [801ms]
2023-05-25 13:27:48.550 [info] > git config --get commit.template [8ms]
2023-05-25 13:27:48.551 [info] > git for-each-ref --format=%(refname)%00%(upstream:short)%00%(objectname)%00%(upstream:track)%00%(upstream:remotename)%00%(upstream:remoteref) refs/heads/main refs/remotes/main [2ms]
2023-05-25 13:27:48.561 [info] > git status -z -uall [3ms]
2023-05-25 13:27:49.618 [info] > git config --get commit.template [2ms]
2023-05-25 13:27:49.629 [info] > git for-each-ref --format=%(refname)%00%(upstream:short)%00%(objectname)%00%(upstream:track)%00%(upstream:remotename)%00%(upstream:remoteref) refs/heads/main refs/remotes/main [2ms]
2023-05-25 13:27:49.640 [info] > git status -z -uall [3ms]
2023-05-25 13:30:49.282 [info] > git fetch [703ms]
2023-05-25 13:30:49.297 [info] > git config --get commit.template [8ms]
2023-05-25 13:30:49.299 [info] > git for-each-ref --format=%(refname)%00%(upstream:short)%00%(objectname)%00%(upstream:track)%00%(upstream:remotename)%00%(upstream:remoteref) refs/heads/main refs/remotes/main [2ms]
2023-05-25 13:30:49.308 [info] > git status -z -uall [3ms]
2023-05-25 13:30:50.375 [info] > git config --get commit.template [8ms]
2023-05-25 13:30:50.376 [info] > git for-each-ref --format=%(refname)%00%(upstream:short)%00%(objectname)%00%(upstream:track)%00%(upstream:remotename)%00%(upstream:remoteref) refs/heads/main refs/remotes/main [2ms]
2023-05-25 13:30:50.385 [info] > git status -z -uall [3ms]
2023-05-25 13:33:50.290 [info] > git fetch [964ms]
2023-05-25 13:33:50.307 [info] > git config --get commit.template [9ms]
2023-05-25 13:33:50.307 [info] > git for-each-ref --format=%(refname)%00%(upstream:short)%00%(objectname)%00%(upstream:track)%00%(upstream:remotename)%00%(upstream:remoteref) refs/heads/main refs/remotes/main [2ms]
2023-05-25 13:33:50.316 [info] > git status -z -uall [2ms]
2023-05-25 13:33:51.382 [info] > git config --get commit.template [8ms]
2023-05-25 13:33:51.383 [info] > git for-each-ref --format=%(refname)%00%(upstream:short)%00%(objectname)%00%(upstream:track)%00%(upstream:remotename)%00%(upstream:remoteref) refs/heads/main refs/remotes/main [2ms]
2023-05-25 13:33:51.392 [info] > git status -z -uall [2ms]
2023-05-25 13:36:51.059 [info] > git fetch [723ms]
2023-05-25 13:36:51.076 [info] > git config --get commit.template [9ms]
2023-05-25 13:36:51.077 [info] > git for-each-ref --format=%(refname)%00%(upstream:short)%00%(objectname)%00%(upstream:track)%00%(upstream:remotename)%00%(upstream:remoteref) refs/heads/main refs/remotes/main [3ms]
2023-05-25 13:36:51.088 [info] > git status -z -uall [2ms]
2023-05-25 13:36:52.152 [info] > git config --get commit.template [8ms]
2023-05-25 13:36:52.153 [info] > git for-each-ref --format=%(refname)%00%(upstream:short)%00%(objectname)%00%(upstream:track)%00%(upstream:remotename)%00%(upstream:remoteref) refs/heads/main refs/remotes/main [1ms]
2023-05-25 13:36:52.162 [info] > git status -z -uall [3ms]
2023-05-25 13:39:51.845 [info] > git fetch [735ms]
2023-05-25 13:39:51.861 [info] > git config --get commit.template [8ms]
2023-05-25 13:39:51.862 [info] > git for-each-ref --format=%(refname)%00%(upstream:short)%00%(objectname)%00%(upstream:track)%00%(upstream:remotename)%00%(upstream:remoteref) refs/heads/main refs/remotes/main [2ms]
2023-05-25 13:39:51.872 [info] > git status -z -uall [3ms]
2023-05-25 13:39:52.932 [info] > git config --get commit.template [2ms]
2023-05-25 13:39:52.941 [info] > git for-each-ref --format=%(refname)%00%(upstream:short)%00%(objectname)%00%(upstream:track)%00%(upstream:remotename)%00%(upstream:remoteref) refs/heads/main refs/remotes/main [2ms]
2023-05-25 13:39:52.951 [info] > git status -z -uall [3ms]
2023-05-25 13:42:52.588 [info] > git fetch [700ms]
2023-05-25 13:42:52.603 [info] > git config --get commit.template [8ms]
2023-05-25 13:42:52.604 [info] > git for-each-ref --format=%(refname)%00%(upstream:short)%00%(objectname)%00%(upstream:track)%00%(upstream:remotename)%00%(upstream:remoteref) refs/heads/main refs/remotes/main [2ms]
2023-05-25 13:42:52.613 [info] > git status -z -uall [2ms]
2023-05-25 13:42:53.681 [info] > git config --get commit.template [8ms]
2023-05-25 13:42:53.682 [info] > git for-each-ref --format=%(refname)%00%(upstream:short)%00%(objectname)%00%(upstream:track)%00%(upstream:remotename)%00%(upstream:remoteref) refs/heads/main refs/remotes/main [2ms]
2023-05-25 13:42:53.692 [info] > git status -z -uall [3ms]
2023-05-25 13:45:53.381 [info] > git fetch [751ms]
2023-05-25 13:45:53.397 [info] > git config --get commit.template [8ms]
2023-05-25 13:45:53.398 [info] > git for-each-ref --format=%(refname)%00%(upstream:short)%00%(objectname)%00%(upstream:track)%00%(upstream:remotename)%00%(upstream:remoteref) refs/heads/main refs/remotes/main [2ms]
2023-05-25 13:45:53.407 [info] > git status -z -uall [2ms]
2023-05-25 13:45:54.476 [info] > git config --get commit.template [8ms]
2023-05-25 13:45:54.477 [info] > git for-each-ref --format=%(refname)%00%(upstream:short)%00%(objectname)%00%(upstream:track)%00%(upstream:remotename)%00%(upstream:remoteref) refs/heads/main refs/remotes/main [2ms]
2023-05-25 13:45:54.486 [info] > git status -z -uall [2ms]
2023-05-25 13:48:54.105 [info] > git fetch [682ms]
2023-05-25 13:48:54.122 [info] > git config --get commit.template [8ms]
2023-05-25 13:48:54.122 [info] > git for-each-ref --format=%(refname)%00%(upstream:short)%00%(objectname)%00%(upstream:track)%00%(upstream:remotename)%00%(upstream:remoteref) refs/heads/main refs/remotes/main [1ms]
2023-05-25 13:48:54.132 [info] > git status -z -uall [2ms]
2023-05-25 13:48:55.198 [info] > git config --get commit.template [9ms]
2023-05-25 13:48:55.199 [info] > git for-each-ref --format=%(refname)%00%(upstream:short)%00%(objectname)%00%(upstream:track)%00%(upstream:remotename)%00%(upstream:remoteref) refs/heads/main refs/remotes/main [2ms]
2023-05-25 13:48:55.209 [info] > git status -z -uall [3ms]
2023-05-25 13:51:55.111 [info] > git fetch [961ms]
2023-05-25 13:51:55.128 [info] > git config --get commit.template [9ms]
2023-05-25 13:51:55.129 [info] > git for-each-ref --format=%(refname)%00%(upstream:short)%00%(objectname)%00%(upstream:track)%00%(upstream:remotename)%00%(upstream:remoteref) refs/heads/main refs/remotes/main [1ms]
2023-05-25 13:51:55.137 [info] > git status -z -uall [2ms]
2023-05-25 13:51:56.206 [info] > git config --get commit.template [8ms]
2023-05-25 13:51:56.207 [info] > git for-each-ref --format=%(refname)%00%(upstream:short)%00%(objectname)%00%(upstream:track)%00%(upstream:remotename)%00%(upstream:remoteref) refs/heads/main refs/remotes/main [2ms]
2023-05-25 13:51:56.216 [info] > git status -z -uall [3ms]
2023-05-25 13:54:55.864 [info] > git fetch [708ms]
2023-05-25 13:54:55.882 [info] > git config --get commit.template [8ms]
2023-05-25 13:54:55.883 [info] > git for-each-ref --format=%(refname)%00%(upstream:short)%00%(objectname)%00%(upstream:track)%00%(upstream:remotename)%00%(upstream:remoteref) refs/heads/main refs/remotes/main [2ms]
2023-05-25 13:54:55.892 [info] > git status -z -uall [2ms]
2023-05-25 13:54:56.953 [info] > git config --get commit.template [7ms]
2023-05-25 13:54:56.954 [info] > git for-each-ref --format=%(refname)%00%(upstream:short)%00%(objectname)%00%(upstream:track)%00%(upstream:remotename)%00%(upstream:remoteref) refs/heads/main refs/remotes/main [2ms]
2023-05-25 13:54:56.963 [info] > git status -z -uall [3ms]
2023-05-25 13:57:56.858 [info] > git fetch [953ms]
2023-05-25 13:57:56.872 [info] > git config --get commit.template [7ms]
2023-05-25 13:57:56.873 [info] > git for-each-ref --format=%(refname)%00%(upstream:short)%00%(objectname)%00%(upstream:track)%00%(upstream:remotename)%00%(upstream:remoteref) refs/heads/main refs/remotes/main [1ms]
2023-05-25 13:57:56.883 [info] > git status -z -uall [2ms]
2023-05-25 13:57:57.951 [info] > git config --get commit.template [8ms]
2023-05-25 13:57:57.952 [info] > git for-each-ref --format=%(refname)%00%(upstream:short)%00%(objectname)%00%(upstream:track)%00%(upstream:remotename)%00%(upstream:remoteref) refs/heads/main refs/remotes/main [2ms]
2023-05-25 13:57:57.962 [info] > git status -z -uall [3ms]
2023-05-25 14:00:57.683 [info] > git fetch [784ms]
2023-05-25 14:00:57.695 [info] > git config --get commit.template [6ms]
2023-05-25 14:00:57.696 [info] > git for-each-ref --format=%(refname)%00%(upstream:short)%00%(objectname)%00%(upstream:track)%00%(upstream:remotename)%00%(upstream:remoteref) refs/heads/main refs/remotes/main [1ms]
2023-05-25 14:00:57.704 [info] > git status -z -uall [2ms]
2023-05-25 14:00:58.777 [info] > git config --get commit.template [8ms]
2023-05-25 14:00:58.779 [info] > git for-each-ref --format=%(refname)%00%(upstream:short)%00%(objectname)%00%(upstream:track)%00%(upstream:remotename)%00%(upstream:remoteref) refs/heads/main refs/remotes/main [2ms]
2023-05-25 14:00:58.788 [info] > git status -z -uall [3ms]
2023-05-25 14:03:58.511 [info] > git fetch [788ms]
2023-05-25 14:03:58.531 [info] > git config --get commit.template [7ms]
2023-05-25 14:03:58.532 [info] > git for-each-ref --format=%(refname)%00%(upstream:short)%00%(objectname)%00%(upstream:track)%00%(upstream:remotename)%00%(upstream:remoteref) refs/heads/main refs/remotes/main [2ms]
2023-05-25 14:03:58.541 [info] > git status -z -uall [2ms]
2023-05-25 14:03:59.605 [info] > git config --get commit.template [8ms]
2023-05-25 14:03:59.606 [info] > git for-each-ref --format=%(refname)%00%(upstream:short)%00%(objectname)%00%(upstream:track)%00%(upstream:remotename)%00%(upstream:remoteref) refs/heads/main refs/remotes/main [2ms]
2023-05-25 14:03:59.615 [info] > git status -z -uall [3ms]
2023-05-25 14:06:59.341 [info] > git fetch [781ms]
2023-05-25 14:06:59.354 [info] > git config --get commit.template [7ms]
2023-05-25 14:06:59.355 [info] > git for-each-ref --format=%(refname)%00%(upstream:short)%00%(objectname)%00%(upstream:track)%00%(upstream:remotename)%00%(upstream:remoteref) refs/heads/main refs/remotes/main [2ms]
2023-05-25 14:06:59.362 [info] > git status -z -uall [2ms]
2023-05-25 14:07:00.437 [info] > git config --get commit.template [8ms]
2023-05-25 14:07:00.439 [info] > git for-each-ref --format=%(refname)%00%(upstream:short)%00%(objectname)%00%(upstream:track)%00%(upstream:remotename)%00%(upstream:remoteref) refs/heads/main refs/remotes/main [3ms]
2023-05-25 14:07:00.448 [info] > git status -z -uall [3ms]
2023-05-25 14:10:00.327 [info] > git fetch [948ms]
2023-05-25 14:10:00.343 [info] > git config --get commit.template [7ms]
2023-05-25 14:10:00.343 [info] > git for-each-ref --format=%(refname)%00%(upstream:short)%00%(objectname)%00%(upstream:track)%00%(upstream:remotename)%00%(upstream:remoteref) refs/heads/main refs/remotes/main [1ms]
2023-05-25 14:10:00.353 [info] > git status -z -uall [3ms]
2023-05-25 14:10:01.418 [info] > git config --get commit.template [9ms]
2023-05-25 14:10:01.419 [info] > git for-each-ref --format=%(refname)%00%(upstream:short)%00%(objectname)%00%(upstream:track)%00%(upstream:remotename)%00%(upstream:remoteref) refs/heads/main refs/remotes/main [3ms]
2023-05-25 14:10:01.428 [info] > git status -z -uall [2ms]
2023-05-25 14:13:01.137 [info] > git fetch [768ms]
2023-05-25 14:13:01.152 [info] > git config --get commit.template [7ms]
2023-05-25 14:13:01.154 [info] > git for-each-ref --format=%(refname)%00%(upstream:short)%00%(objectname)%00%(upstream:track)%00%(upstream:remotename)%00%(upstream:remoteref) refs/heads/main refs/remotes/main [3ms]
2023-05-25 14:13:01.165 [info] > git status -z -uall [3ms]
2023-05-25 14:13:02.231 [info] > git config --get commit.template [8ms]
2023-05-25 14:13:02.232 [info] > git for-each-ref --format=%(refname)%00%(upstream:short)%00%(objectname)%00%(upstream:track)%00%(upstream:remotename)%00%(upstream:remoteref) refs/heads/main refs/remotes/main [2ms]
2023-05-25 14:13:02.241 [info] > git status -z -uall [2ms]
2023-05-25 14:19:26.764 [info] > git fetch [786ms]
2023-05-25 14:19:26.781 [info] > git config --get commit.template [8ms]
2023-05-25 14:19:26.782 [info] > git for-each-ref --format=%(refname)%00%(upstream:short)%00%(objectname)%00%(upstream:track)%00%(upstream:remotename)%00%(upstream:remoteref) refs/heads/main refs/remotes/main [2ms]
2023-05-25 14:19:26.792 [info] > git status -z -uall [2ms]
2023-05-25 14:19:27.858 [info] > git config --get commit.template [8ms]
2023-05-25 14:19:27.859 [info] > git for-each-ref --format=%(refname)%00%(upstream:short)%00%(objectname)%00%(upstream:track)%00%(upstream:remotename)%00%(upstream:remoteref) refs/heads/main refs/remotes/main [2ms]
2023-05-25 14:19:27.869 [info] > git status -z -uall [3ms]
2023-05-25 14:40:14.822 [info] > git fetch [758ms]
2023-05-25 14:40:14.847 [info] > git config --get commit.template [18ms]
2023-05-25 14:40:14.849 [info] > git for-each-ref --format=%(refname)%00%(upstream:short)%00%(objectname)%00%(upstream:track)%00%(upstream:remotename)%00%(upstream:remoteref) refs/heads/main refs/remotes/main [2ms]
2023-05-25 14:40:14.869 [info] > git status -z -uall [7ms]
2023-05-25 15:24:30.867 [info] > git for-each-ref --format=%(refname)%00%(upstream:short)%00%(objectname)%00%(upstream:track)%00%(upstream:remotename)%00%(upstream:remoteref) refs/heads/main refs/remotes/main [14ms]
2023-05-25 15:24:30.868 [info] > git config --get commit.template [41ms]
2023-05-25 15:24:30.892 [info] > git status -z -uall [7ms]
2023-05-25 15:24:31.615 [info] > git fetch [812ms]
2023-05-25 15:24:31.631 [info] > git config --get commit.template [9ms]
2023-05-25 15:24:31.632 [info] > git for-each-ref --format=%(refname)%00%(upstream:short)%00%(objectname)%00%(upstream:track)%00%(upstream:remotename)%00%(upstream:remoteref) refs/heads/main refs/remotes/main [2ms]
2023-05-25 15:24:31.643 [info] > git status -z -uall [2ms]
2023-05-25 15:24:35.915 [info] > git config --get commit.template [7ms]
2023-05-25 15:24:35.916 [info] > git for-each-ref --format=%(refname)%00%(upstream:short)%00%(objectname)%00%(upstream:track)%00%(upstream:remotename)%00%(upstream:remoteref) refs/heads/main refs/remotes/main [1ms]
2023-05-25 15:24:35.924 [info] > git status -z -uall [2ms]
2023-05-25 15:27:32.761 [info] > git fetch [1098ms]
2023-05-25 15:27:32.777 [info] > git config --get commit.template [7ms]
2023-05-25 15:27:32.778 [info] > git for-each-ref --format=%(refname)%00%(upstream:short)%00%(objectname)%00%(upstream:track)%00%(upstream:remotename)%00%(upstream:remoteref) refs/heads/main refs/remotes/main [2ms]
2023-05-25 15:27:32.790 [info] > git status -z -uall [4ms]
2023-05-25 15:27:33.854 [info] > git config --get commit.template [8ms]
2023-05-25 15:27:33.855 [info] > git for-each-ref --format=%(refname)%00%(upstream:short)%00%(objectname)%00%(upstream:track)%00%(upstream:remotename)%00%(upstream:remoteref) refs/heads/main refs/remotes/main [2ms]
2023-05-25 15:27:33.865 [info] > git status -z -uall [2ms]
2023-05-25 15:51:10.127 [info] > git fetch [860ms]
2023-05-25 15:51:10.144 [info] > git config --get commit.template [9ms]
2023-05-25 15:51:10.146 [info] > git for-each-ref --format=%(refname)%00%(upstream:short)%00%(objectname)%00%(upstream:track)%00%(upstream:remotename)%00%(upstream:remoteref) refs/heads/main refs/remotes/main [3ms]
2023-05-25 15:51:10.156 [info] > git status -z -uall [3ms]
2023-05-25 16:24:57.553 [info] > git config --get commit.template [17ms]
2023-05-25 16:24:57.555 [info] > git for-each-ref --format=%(refname)%00%(upstream:short)%00%(objectname)%00%(upstream:track)%00%(upstream:remotename)%00%(upstream:remoteref) refs/heads/main refs/remotes/main [3ms]
2023-05-25 16:24:57.569 [info] > git status -z -uall [2ms]
2023-05-25 16:24:58.341 [info] > git fetch [817ms]
2023-05-25 16:24:58.357 [info] > git config --get commit.template [8ms]
2023-05-25 16:24:58.358 [info] > git for-each-ref --format=%(refname)%00%(upstream:short)%00%(objectname)%00%(upstream:track)%00%(upstream:remotename)%00%(upstream:remoteref) refs/heads/main refs/remotes/main [2ms]
2023-05-25 16:24:58.368 [info] > git status -z -uall [3ms]
2023-05-25 16:32:26.658 [info] > git config --get commit.template [16ms]
2023-05-25 16:32:26.660 [info] > git for-each-ref --format=%(refname)%00%(upstream:short)%00%(objectname)%00%(upstream:track)%00%(upstream:remotename)%00%(upstream:remoteref) refs/heads/main refs/remotes/main [2ms]
2023-05-25 16:32:26.676 [info] > git status -z -uall [5ms]
2023-05-25 16:32:27.345 [info] > git fetch [716ms]
2023-05-25 16:32:27.359 [info] > git config --get commit.template [1ms]
2023-05-25 16:32:27.376 [info] > git for-each-ref --format=%(refname)%00%(upstream:short)%00%(objectname)%00%(upstream:track)%00%(upstream:remotename)%00%(upstream:remoteref) refs/heads/main refs/remotes/main [4ms]
2023-05-25 16:32:27.390 [info] > git status -z -uall [2ms]
2023-05-25 16:33:12.833 [info] > git config --get commit.template [3ms]
2023-05-25 16:33:12.847 [info] > git for-each-ref --format=%(refname)%00%(upstream:short)%00%(objectname)%00%(upstream:track)%00%(upstream:remotename)%00%(upstream:remoteref) refs/heads/main refs/remotes/main [4ms]
2023-05-25 16:33:12.863 [info] > git status -z -uall [4ms]
2023-05-25 16:46:41.370 [info] > git fetch [746ms]
2023-05-25 16:46:41.387 [info] > git config --get commit.template [8ms]
2023-05-25 16:46:41.388 [info] > git for-each-ref --format=%(refname)%00%(upstream:short)%00%(objectname)%00%(upstream:track)%00%(upstream:remotename)%00%(upstream:remoteref) refs/heads/main refs/remotes/main [3ms]
2023-05-25 16:46:41.399 [info] > git status -z -uall [3ms]
2023-05-26 08:42:21.708 [info] > git config --get commit.template [6ms]
2023-05-26 08:42:21.726 [info] > git for-each-ref --format=%(refname)%00%(upstream:short)%00%(objectname)%00%(upstream:track)%00%(upstream:remotename)%00%(upstream:remoteref) refs/heads/main refs/remotes/main [3ms]
2023-05-26 08:42:21.744 [info] > git status -z -uall [5ms]
2023-05-26 08:42:22.455 [info] > git fetch [766ms]
2023-05-26 08:42:22.471 [info] > git config --get commit.template [8ms]
2023-05-26 08:42:22.473 [info] > git for-each-ref --format=%(refname)%00%(upstream:short)%00%(objectname)%00%(upstream:track)%00%(upstream:remotename)%00%(upstream:remoteref) refs/heads/main refs/remotes/main [3ms]
2023-05-26 08:42:22.483 [info] > git status -z -uall [3ms]
2023-05-26 08:42:26.761 [info] > git config --get commit.template [2ms]
2023-05-26 08:42:26.769 [info] > git for-each-ref --format=%(refname)%00%(upstream:short)%00%(objectname)%00%(upstream:track)%00%(upstream:remotename)%00%(upstream:remoteref) refs/heads/main refs/remotes/main [1ms]
2023-05-26 08:42:26.778 [info] > git status -z -uall [2ms]
2023-05-26 08:42:29.419 [info] > git rev-parse --show-toplevel [2ms]
2023-05-26 08:42:37.241 [info] > git rev-parse --show-toplevel [3ms]
2023-05-26 08:42:37.253 [info] > git rev-parse --git-dir --git-common-dir [2ms]
2023-05-26 08:42:37.273 [info] Open repository: /home/jkyon/.dotfiles
2023-05-26 08:42:37.316 [info] > git config --get commit.template [19ms]
2023-05-26 08:42:37.317 [info] > git for-each-ref --format=%(refname)%00%(upstream:short)%00%(objectname)%00%(upstream:track)%00%(upstream:remotename)%00%(upstream:remoteref) refs/heads/main refs/remotes/main [2ms]
2023-05-26 08:42:37.348 [info] > git status -z -uall [20ms]
2023-05-26 08:42:37.665 [info] > git fetch [393ms]
2023-05-26 08:42:37.683 [info] > git config --get commit.template [10ms]
2023-05-26 08:42:37.683 [info] > git for-each-ref --format=%(refname)%00%(upstream:short)%00%(objectname)%00%(upstream:track)%00%(upstream:remotename)%00%(upstream:remoteref) refs/heads/main refs/remotes/main [2ms]
2023-05-26 08:42:37.706 [info] > git status -z -uall [14ms]
2023-05-26 08:42:37.810 [info] > git check-ignore -v -z --stdin [3ms]
2023-05-26 08:42:38.853 [info] > git config --get commit.template [8ms]
2023-05-26 08:42:38.854 [info] > git for-each-ref --format=%(refname)%00%(upstream:short)%00%(objectname)%00%(upstream:track)%00%(upstream:remotename)%00%(upstream:remoteref) refs/heads/main refs/remotes/main [2ms]
2023-05-26 08:42:38.873 [info] > git status -z -uall [12ms]
2023-05-26 08:42:41.514 [info] > git check-ignore -v -z --stdin [3ms]
2023-05-26 08:42:43.901 [info] > git config --get commit.template [12ms]
2023-05-26 08:42:43.903 [info] > git for-each-ref --format=%(refname)%00%(upstream:short)%00%(objectname)%00%(upstream:track)%00%(upstream:remotename)%00%(upstream:remoteref) refs/heads/main refs/remotes/main [3ms]
2023-05-26 08:42:43.932 [info] > git status -z -uall [17ms]
2023-05-26 08:42:48.954 [info] > git config --get commit.template [8ms]
2023-05-26 08:42:48.955 [info] > git for-each-ref --format=%(refname)%00%(upstream:short)%00%(objectname)%00%(upstream:track)%00%(upstream:remotename)%00%(upstream:remoteref) refs/heads/main refs/remotes/main [2ms]
2023-05-26 08:42:48.973 [info] > git status -z -uall [11ms]
2023-05-26 08:42:53.998 [info] > git config --get commit.template [10ms]
2023-05-26 08:42:54.000 [info] > git for-each-ref --format=%(refname)%00%(upstream:short)%00%(objectname)%00%(upstream:track)%00%(upstream:remotename)%00%(upstream:remoteref) refs/heads/main refs/remotes/main [2ms]
2023-05-26 08:42:54.025 [info] > git status -z -uall [16ms]
2023-05-26 08:42:59.047 [info] > git config --get commit.template [10ms]
2023-05-26 08:42:59.047 [info] > git for-each-ref --format=%(refname)%00%(upstream:short)%00%(objectname)%00%(upstream:track)%00%(upstream:remotename)%00%(upstream:remoteref) refs/heads/main refs/remotes/main [3ms]
2023-05-26 08:42:59.078 [info] > git status -z -uall [19ms]
2023-05-26 08:43:13.756 [info] > git config --get commit.template [2ms]
2023-05-26 08:43:13.768 [info] > git for-each-ref --format=%(refname)%00%(upstream:short)%00%(objectname)%00%(upstream:track)%00%(upstream:remotename)%00%(upstream:remoteref) refs/heads/main refs/remotes/main [2ms]
2023-05-26 08:43:13.797 [info] > git status -z -uall [19ms]
2023-05-26 08:43:14.353 [info] > git check-ignore -v -z --stdin [8ms]
2023-05-26 08:43:14.439 [info] > git show --textconv :README.md [13ms]
2023-05-26 08:43:14.444 [info] > git ls-files --stage -- /home/jkyon/.dotfiles/README.md [6ms]
2023-05-26 08:43:14.459 [info] > git cat-file -s d5dfa9ccf8c83cdc5c4e05c858593b3916d177dd [4ms]
2023-05-26 08:43:18.831 [info] > git config --get commit.template [12ms]
2023-05-26 08:43:18.832 [info] > git for-each-ref --format=%(refname)%00%(upstream:short)%00%(objectname)%00%(upstream:track)%00%(upstream:remotename)%00%(upstream:remoteref) refs/heads/main refs/remotes/main [2ms]
2023-05-26 08:43:18.851 [info] > git status -z -uall [13ms]
2023-05-26 08:43:23.880 [info] > git config --get commit.template [9ms]
2023-05-26 08:43:23.881 [info] > git for-each-ref --format=%(refname)%00%(upstream:short)%00%(objectname)%00%(upstream:track)%00%(upstream:remotename)%00%(upstream:remoteref) refs/heads/main refs/remotes/main [2ms]
2023-05-26 08:43:23.904 [info] > git status -z -uall [15ms]
2023-05-26 08:43:28.927 [info] > git config --get commit.template [3ms]
2023-05-26 08:43:28.936 [info] > git for-each-ref --format=%(refname)%00%(upstream:short)%00%(objectname)%00%(upstream:track)%00%(upstream:remotename)%00%(upstream:remoteref) refs/heads/main refs/remotes/main [2ms]
2023-05-26 08:43:28.958 [info] > git status -z -uall [14ms]
2023-05-26 08:43:43.111 [info] > git config --get commit.template [9ms]
2023-05-26 08:43:43.111 [info] > git for-each-ref --format=%(refname)%00%(upstream:short)%00%(objectname)%00%(upstream:track)%00%(upstream:remotename)%00%(upstream:remoteref) refs/heads/main refs/remotes/main [1ms]
2023-05-26 08:43:43.131 [info] > git status -z -uall [11ms]
2023-05-26 08:43:54.523 [info] > git config --get commit.template [13ms]
2023-05-26 08:43:54.523 [info] > git for-each-ref --format=%(refname)%00%(upstream:short)%00%(objectname)%00%(upstream:track)%00%(upstream:remotename)%00%(upstream:remoteref) refs/heads/main refs/remotes/main [3ms]
2023-05-26 08:43:54.550 [info] > git status -z -uall [20ms]
2023-05-26 08:43:54.948 [info] > git show --textconv :.config/awesome/rc.lua [18ms]
2023-05-26 08:43:54.950 [info] > git ls-files --stage -- /home/jkyon/.dotfiles/.config/awesome/rc.lua [4ms]
2023-05-26 08:43:54.969 [info] > git cat-file -s 3cdbd36c433a351a5861a7b242da9ae6fc5203fb [1ms]
2023-05-26 08:43:55.006 [info] > git check-ignore -v -z --stdin [2ms]
2023-05-26 08:43:59.581 [info] > git config --get commit.template [9ms]
2023-05-26 08:43:59.582 [info] > git for-each-ref --format=%(refname)%00%(upstream:short)%00%(objectname)%00%(upstream:track)%00%(upstream:remotename)%00%(upstream:remoteref) refs/heads/main refs/remotes/main [2ms]
2023-05-26 08:43:59.604 [info] > git status -z -uall [14ms]
2023-05-26 08:44:04.625 [info] > git config --get commit.template [4ms]
2023-05-26 08:44:04.642 [info] > git for-each-ref --format=%(refname)%00%(upstream:short)%00%(objectname)%00%(upstream:track)%00%(upstream:remotename)%00%(upstream:remoteref) refs/heads/main refs/remotes/main [6ms]
2023-05-26 08:44:04.670 [info] > git status -z -uall [15ms]
2023-05-26 08:44:11.074 [info] > git config --get commit.template [3ms]
2023-05-26 08:44:11.086 [info] > git for-each-ref --format=%(refname)%00%(upstream:short)%00%(objectname)%00%(upstream:track)%00%(upstream:remotename)%00%(upstream:remoteref) refs/heads/main refs/remotes/main [3ms]
2023-05-26 08:44:11.114 [info] > git status -z -uall [18ms]
2023-05-26 08:44:11.449 [info] > git show --textconv :.config/awesome/themes/default/theme.lua [14ms]
2023-05-26 08:44:11.453 [info] > git ls-files --stage -- /home/jkyon/.dotfiles/.config/awesome/themes/default/theme.lua [5ms]
2023-05-26 08:44:11.467 [info] > git cat-file -s 855481e464326ff9f57b6352591bd9616b0dd924 [4ms]
2023-05-26 08:44:11.559 [info] > git check-ignore -v -z --stdin [1ms]
2023-05-26 08:44:16.138 [info] > git config --get commit.template [4ms]
2023-05-26 08:44:16.148 [info] > git for-each-ref --format=%(refname)%00%(upstream:short)%00%(objectname)%00%(upstream:track)%00%(upstream:remotename)%00%(upstream:remoteref) refs/heads/main refs/remotes/main [2ms]
2023-05-26 08:44:16.169 [info] > git status -z -uall [14ms]
2023-05-26 08:44:29.093 [info] > git config --get commit.template [2ms]
2023-05-26 08:44:29.108 [info] > git for-each-ref --format=%(refname)%00%(upstream:short)%00%(objectname)%00%(upstream:track)%00%(upstream:remotename)%00%(upstream:remoteref) refs/heads/main refs/remotes/main [4ms]
2023-05-26 08:44:29.129 [info] > git status -z -uall [13ms]
2023-05-26 08:44:29.476 [info] > git show --textconv :.config/alacritty/alacritty.yml [10ms]
2023-05-26 08:44:29.477 [info] > git ls-files --stage -- /home/jkyon/.dotfiles/.config/alacritty/alacritty.yml [3ms]
2023-05-26 08:44:29.485 [info] > git cat-file -s 5e6146b8e040ff5a62603151ccf3422888fc7f6e [1ms]
2023-05-26 08:44:29.578 [info] > git check-ignore -v -z --stdin [1ms]
2023-05-26 08:44:34.157 [info] > git config --get commit.template [9ms]
2023-05-26 08:44:34.158 [info] > git for-each-ref --format=%(refname)%00%(upstream:short)%00%(objectname)%00%(upstream:track)%00%(upstream:remotename)%00%(upstream:remoteref) refs/heads/main refs/remotes/main [2ms]
2023-05-26 08:44:34.180 [info] > git status -z -uall [15ms]
2023-05-26 08:44:43.380 [info] > git config --get commit.template [9ms]
2023-05-26 08:44:43.382 [info] > git for-each-ref --format=%(refname)%00%(upstream:short)%00%(objectname)%00%(upstream:track)%00%(upstream:remotename)%00%(upstream:remoteref) refs/heads/main refs/remotes/main [3ms]
2023-05-26 08:44:43.404 [info] > git status -z -uall [14ms]
2023-05-26 08:44:48.426 [info] > git config --get commit.template [1ms]
2023-05-26 08:44:48.437 [info] > git for-each-ref --format=%(refname)%00%(upstream:short)%00%(objectname)%00%(upstream:track)%00%(upstream:remotename)%00%(upstream:remoteref) refs/heads/main refs/remotes/main [2ms]
2023-05-26 08:44:48.455 [info] > git status -z -uall [11ms]
2023-05-26 08:44:53.482 [info] > git config --get commit.template [9ms]
2023-05-26 08:44:53.483 [info] > git for-each-ref --format=%(refname)%00%(upstream:short)%00%(objectname)%00%(upstream:track)%00%(upstream:remotename)%00%(upstream:remoteref) refs/heads/main refs/remotes/main [2ms]
2023-05-26 08:44:53.505 [info] > git status -z -uall [15ms]
2023-05-26 08:45:04.343 [info] > git config --get commit.template [8ms]
2023-05-26 08:45:04.345 [info] > git for-each-ref --format=%(refname)%00%(upstream:short)%00%(objectname)%00%(upstream:track)%00%(upstream:remotename)%00%(upstream:remoteref) refs/heads/main refs/remotes/main [3ms]
2023-05-26 08:45:04.366 [info] > git status -z -uall [14ms]
2023-05-26 08:45:09.393 [info] > git config --get commit.template [8ms]
2023-05-26 08:45:09.394 [info] > git for-each-ref --format=%(refname)%00%(upstream:short)%00%(objectname)%00%(upstream:track)%00%(upstream:remotename)%00%(upstream:remoteref) refs/heads/main refs/remotes/main [2ms]
2023-05-26 08:45:09.416 [info] > git status -z -uall [15ms]
2023-05-26 08:45:12.927 [info] > git check-ignore -v -z --stdin [2ms]
2023-05-26 08:45:14.452 [info] > git config --get commit.template [10ms]
2023-05-26 08:45:14.453 [info] > git for-each-ref --format=%(refname)%00%(upstream:short)%00%(objectname)%00%(upstream:track)%00%(upstream:remotename)%00%(upstream:remoteref) refs/heads/main refs/remotes/main [2ms]
2023-05-26 08:45:14.483 [info] > git status -z -uall [17ms]
2023-05-26 08:45:23.234 [info] > git fetch [732ms]
2023-05-26 08:45:23.251 [info] > git config --get commit.template [9ms]
2023-05-26 08:45:23.252 [info] > git for-each-ref --format=%(refname)%00%(upstream:short)%00%(objectname)%00%(upstream:track)%00%(upstream:remotename)%00%(upstream:remoteref) refs/heads/main refs/remotes/main [2ms]
2023-05-26 08:45:23.262 [info] > git status -z -uall [2ms]
2023-05-26 08:45:24.343 [info] > git config --get commit.template [14ms]
2023-05-26 08:45:24.346 [info] > git for-each-ref --format=%(refname)%00%(upstream:short)%00%(objectname)%00%(upstream:track)%00%(upstream:remotename)%00%(upstream:remoteref) refs/heads/main refs/remotes/main [5ms]
2023-05-26 08:45:24.363 [info] > git status -z -uall [5ms]
2023-05-26 08:45:38.105 [info] > git fetch [380ms]
2023-05-26 08:45:38.119 [info] > git config --get commit.template [6ms]
2023-05-26 08:45:38.119 [info] > git for-each-ref --format=%(refname)%00%(upstream:short)%00%(objectname)%00%(upstream:track)%00%(upstream:remotename)%00%(upstream:remoteref) refs/heads/main refs/remotes/main [1ms]
2023-05-26 08:45:38.137 [info] > git status -z -uall [12ms]
2023-05-26 08:45:39.430 [info] > git ls-files --stage -- /home/jkyon/.dotfiles/.config/awesome/rc.lua [13ms]
2023-05-26 08:45:39.438 [info] > git ls-files --stage -- /home/jkyon/.dotfiles/README.md [33ms]
2023-05-26 08:45:39.464 [info] > git cat-file -s d5dfa9ccf8c83cdc5c4e05c858593b3916d177dd [14ms]
2023-05-26 08:45:39.465 [info] > git cat-file -s 3cdbd36c433a351a5861a7b242da9ae6fc5203fb [28ms]
2023-05-26 08:45:39.465 [info] > git ls-files --stage -- /home/jkyon/.dotfiles/.config/awesome/themes/default/theme.lua [38ms]
2023-05-26 08:45:39.475 [info] > git ls-files --stage -- /home/jkyon/.dotfiles/.config/alacritty/alacritty.yml [14ms]
2023-05-26 08:45:39.514 [info] > git show --textconv :README.md [16ms]
2023-05-26 08:45:39.516 [info] > git cat-file -s 5e6146b8e040ff5a62603151ccf3422888fc7f6e [30ms]
2023-05-26 08:45:39.516 [info] > git cat-file -s 855481e464326ff9f57b6352591bd9616b0dd924 [44ms]
2023-05-26 08:45:39.518 [info] > git show --textconv :.config/awesome/rc.lua [6ms]
2023-05-26 08:45:39.549 [info] > git show --textconv :.config/alacritty/alacritty.yml [15ms]
2023-05-26 08:45:39.549 [info] > git show --textconv :.config/awesome/themes/default/theme.lua [4ms]
