2023-05-26 08:47:10.153 [info] Reading sessions from keychain...
2023-05-26 08:47:10.153 [info] Getting sessions for all scopes...
2023-05-26 08:47:10.153 [info] Getting sessions for user:email...
2023-05-26 08:47:10.153 [info] Got stored sessions!
2023-05-26 08:47:10.153 [info] Got 1 verified sessions.
2023-05-26 08:47:10.153 [info] Got 1 sessions for ...
2023-05-26 08:47:10.153 [info] Got 1 sessions for user:email...
2023-05-26 08:47:10.154 [info] Getting sessions for all scopes...
2023-05-26 08:47:10.154 [info] Got 1 sessions for ...
2023-05-26 08:47:10.458 [info] Getting sessions for all scopes...
2023-05-26 08:47:10.458 [info] Got 1 sessions for ...
2023-05-26 08:47:12.108 [info] Getting user info...
2023-05-26 08:47:12.505 [info] Got account info!
2023-05-26 08:48:05.806 [info] Reading sessions from keychain...
2023-05-26 08:48:05.806 [info] Getting sessions for all scopes...
2023-05-26 08:48:05.806 [info] Getting sessions for user:email...
2023-05-26 08:48:05.806 [info] Getting sessions for all scopes...
2023-05-26 08:48:05.806 [info] Got stored sessions!
2023-05-26 08:48:05.806 [info] Got 1 verified sessions.
2023-05-26 08:48:05.806 [info] Got 1 sessions for ...
2023-05-26 08:48:05.806 [info] Got 1 sessions for user:email...
2023-05-26 08:48:05.806 [info] Got 1 sessions for ...
2023-05-26 08:48:05.806 [info] Getting sessions for user:email...
2023-05-26 08:48:05.806 [info] Got 1 sessions for user:email...
2023-05-26 08:48:05.813 [info] Getting sessions for all scopes...
2023-05-26 08:48:05.814 [info] Got 1 sessions for ...
2023-05-26 08:48:07.290 [info] Getting user info...
2023-05-26 08:48:07.676 [info] Got account info!
