2023-05-25 11:57:08.073 [info] Extension host with pid 14109 started
2023-05-25 11:57:08.073 [info] Skipping acquiring lock for /home/jkyon/.config/Code/User/workspaceStorage/4da3f9b235126cdbfbbf1e8f039ff521.
2023-05-25 11:57:08.329 [info] ExtensionService#_doActivateExtension vscode.emmet, startup: false, activationEvent: 'onLanguage'
2023-05-25 11:57:08.615 [info] ExtensionService#_doActivateExtension vscode.git-base, startup: true, activationEvent: '*', root cause: vscode.git
2023-05-25 11:57:08.619 [info] ExtensionService#_doActivateExtension ms-vscode.sublime-keybindings, startup: true, activationEvent: '*'
2023-05-25 11:57:08.751 [info] ExtensionService#_doActivateExtension vscode.git, startup: true, activationEvent: '*'
2023-05-25 11:57:08.844 [info] ExtensionService#_doActivateExtension vscode.github, startup: true, activationEvent: '*'
2023-05-25 11:57:09.045 [info] Eager extensions activated
2023-05-25 11:57:09.134 [info] ExtensionService#_doActivateExtension vscode.debug-auto-launch, startup: false, activationEvent: 'onStartupFinished'
2023-05-25 11:57:09.138 [info] ExtensionService#_doActivateExtension vscode.merge-conflict, startup: false, activationEvent: 'onStartupFinished'
2023-05-25 11:57:09.676 [info] ExtensionService#_doActivateExtension vscode.github-authentication, startup: false, activationEvent: 'onAuthenticationRequest:github'
2023-05-25 11:57:09.767 [info] ExtensionService#_doActivateExtension vscode.microsoft-authentication, startup: false, activationEvent: 'onAuthenticationRequest:microsoft'
2023-05-25 11:57:13.109 [info] ExtensionService#_doActivateExtension vscode.json-language-features, startup: false, activationEvent: 'onLanguage:jsonc'
2023-05-25 11:57:13.159 [info] ExtensionService#_doActivateExtension vscode.typescript-language-features, startup: false, activationEvent: 'onLanguage:jsonc'
2023-05-26 08:43:13.831 [info] ExtensionService#_doActivateExtension vscode.extension-editing, startup: false, activationEvent: 'onLanguage:markdown'
2023-05-26 08:43:13.937 [info] ExtensionService#_doActivateExtension vscode.markdown-language-features, startup: false, activationEvent: 'onLanguage:markdown'
2023-05-26 08:43:15.246 [info] ExtensionService#_doActivateExtension vscode.markdown-math, startup: false, activationEvent: 'api', root cause: vscode.markdown-language-features
2023-05-26 08:47:00.292 [info] Extension host terminating: renderer closed the MessagePort
2023-05-26 08:47:00.317 [error] Canceled: Canceled
	at new l (/opt/vscode/resources/app/out/vs/workbench/api/node/extensionHostProcess.js:98:104563)
	at a.O (/opt/vscode/resources/app/out/vs/workbench/api/node/extensionHostProcess.js:110:11657)
	at H.<computed>.V.charCodeAt.H.<computed> (/opt/vscode/resources/app/out/vs/workbench/api/node/extensionHostProcess.js:110:8947)
	at e.ExtHostCommands.g (/opt/vscode/resources/app/out/vs/workbench/api/node/extensionHostProcess.js:98:124729)
	at e.ExtHostCommands.executeCommand (/opt/vscode/resources/app/out/vs/workbench/api/node/extensionHostProcess.js:98:124105)
	at C.registerCommand.description (/opt/vscode/resources/app/out/vs/workbench/api/node/extensionHostProcess.js:98:123398)
	at e.ExtHostCommands.h (/opt/vscode/resources/app/out/vs/workbench/api/node/extensionHostProcess.js:98:125315)
	at e.ExtHostCommands.g (/opt/vscode/resources/app/out/vs/workbench/api/node/extensionHostProcess.js:98:124205)
	at e.ExtHostCommands.executeCommand (/opt/vscode/resources/app/out/vs/workbench/api/node/extensionHostProcess.js:98:124105)
	at Object.executeCommand (/opt/vscode/resources/app/out/vs/workbench/api/node/extensionHostProcess.js:116:24043)
	at D (/opt/vscode/resources/app/extensions/git/dist/main.js:2:1259661)
	at v.invoke (/opt/vscode/resources/app/out/vs/workbench/api/node/extensionHostProcess.js:63:145)
	at h.deliver (/opt/vscode/resources/app/out/vs/workbench/api/node/extensionHostProcess.js:63:2121)
	at i.fire (/opt/vscode/resources/app/out/vs/workbench/api/node/extensionHostProcess.js:63:1729)
	at Object.m [as dispose] (/opt/vscode/resources/app/extensions/git/dist/main.js:2:1274494)
	at /opt/vscode/resources/app/extensions/git/dist/main.js:2:1278940
	at Array.forEach (<anonymous>)
	at g.dispose (/opt/vscode/resources/app/extensions/git/dist/main.js:2:1278926)
	at t.<anonymous> (/opt/vscode/resources/app/out/vs/workbench/api/node/extensionHostProcess.js:96:12369)
	at t.dispose (/opt/vscode/resources/app/out/vs/workbench/api/node/extensionHostProcess.js:96:12504)
	at t.<anonymous> (/opt/vscode/resources/app/extensions/git/dist/main.js:2:1261791)
	at t.dispose (/opt/vscode/resources/app/out/vs/workbench/api/node/extensionHostProcess.js:96:12504)
	at T (/opt/vscode/resources/app/out/vs/workbench/api/node/extensionHostProcess.js:10:12080)
	at v.Y (/opt/vscode/resources/app/out/vs/workbench/api/node/extensionHostProcess.js:112:11173)
	at /opt/vscode/resources/app/out/vs/workbench/api/node/extensionHostProcess.js:112:9157
	at Array.map (<anonymous>)
	at v.R (/opt/vscode/resources/app/out/vs/workbench/api/node/extensionHostProcess.js:112:9144)
	at v.terminate (/opt/vscode/resources/app/out/vs/workbench/api/node/extensionHostProcess.js:112:9415)
	at d.terminate (/opt/vscode/resources/app/out/vs/workbench/api/node/extensionHostProcess.js:116:1544)
	at g (/opt/vscode/resources/app/out/vs/workbench/api/node/extensionHostProcess.js:126:34439)
	at MessagePortMain.<anonymous> (/opt/vscode/resources/app/out/vs/workbench/api/node/extensionHostProcess.js:126:30578)
	at MessagePortMain.emit (node:events:513:28)
	at MessagePortMain._internalPort.emit (node:electron/js2c/utility_init:2:367) setContext undefined
2023-05-26 08:47:00.318 [error] Canceled: Canceled
	at new l (/opt/vscode/resources/app/out/vs/workbench/api/node/extensionHostProcess.js:98:104563)
	at a.O (/opt/vscode/resources/app/out/vs/workbench/api/node/extensionHostProcess.js:110:11657)
	at H.<computed>.V.charCodeAt.H.<computed> (/opt/vscode/resources/app/out/vs/workbench/api/node/extensionHostProcess.js:110:8947)
	at e.ExtHostCommands.g (/opt/vscode/resources/app/out/vs/workbench/api/node/extensionHostProcess.js:98:124729)
	at e.ExtHostCommands.executeCommand (/opt/vscode/resources/app/out/vs/workbench/api/node/extensionHostProcess.js:98:124105)
	at C.registerCommand.description (/opt/vscode/resources/app/out/vs/workbench/api/node/extensionHostProcess.js:98:123398)
	at e.ExtHostCommands.h (/opt/vscode/resources/app/out/vs/workbench/api/node/extensionHostProcess.js:98:125315)
	at e.ExtHostCommands.g (/opt/vscode/resources/app/out/vs/workbench/api/node/extensionHostProcess.js:98:124205)
	at e.ExtHostCommands.executeCommand (/opt/vscode/resources/app/out/vs/workbench/api/node/extensionHostProcess.js:98:124105)
	at Object.executeCommand (/opt/vscode/resources/app/out/vs/workbench/api/node/extensionHostProcess.js:116:24043)
	at D (/opt/vscode/resources/app/extensions/git/dist/main.js:2:1259661)
	at v.invoke (/opt/vscode/resources/app/out/vs/workbench/api/node/extensionHostProcess.js:63:145)
	at h.deliver (/opt/vscode/resources/app/out/vs/workbench/api/node/extensionHostProcess.js:63:2121)
	at i.fire (/opt/vscode/resources/app/out/vs/workbench/api/node/extensionHostProcess.js:63:1729)
	at Object.m [as dispose] (/opt/vscode/resources/app/extensions/git/dist/main.js:2:1274494)
	at /opt/vscode/resources/app/extensions/git/dist/main.js:2:1278940
	at Array.forEach (<anonymous>)
	at g.dispose (/opt/vscode/resources/app/extensions/git/dist/main.js:2:1278926)
	at t.<anonymous> (/opt/vscode/resources/app/out/vs/workbench/api/node/extensionHostProcess.js:96:12369)
	at t.dispose (/opt/vscode/resources/app/out/vs/workbench/api/node/extensionHostProcess.js:96:12504)
	at t.<anonymous> (/opt/vscode/resources/app/extensions/git/dist/main.js:2:1261791)
	at t.dispose (/opt/vscode/resources/app/out/vs/workbench/api/node/extensionHostProcess.js:96:12504)
	at T (/opt/vscode/resources/app/out/vs/workbench/api/node/extensionHostProcess.js:10:12080)
	at v.Y (/opt/vscode/resources/app/out/vs/workbench/api/node/extensionHostProcess.js:112:11173)
	at /opt/vscode/resources/app/out/vs/workbench/api/node/extensionHostProcess.js:112:9157
	at Array.map (<anonymous>)
	at v.R (/opt/vscode/resources/app/out/vs/workbench/api/node/extensionHostProcess.js:112:9144)
	at v.terminate (/opt/vscode/resources/app/out/vs/workbench/api/node/extensionHostProcess.js:112:9415)
	at d.terminate (/opt/vscode/resources/app/out/vs/workbench/api/node/extensionHostProcess.js:116:1544)
	at g (/opt/vscode/resources/app/out/vs/workbench/api/node/extensionHostProcess.js:126:34439)
	at MessagePortMain.<anonymous> (/opt/vscode/resources/app/out/vs/workbench/api/node/extensionHostProcess.js:126:30578)
	at MessagePortMain.emit (node:events:513:28)
	at MessagePortMain._internalPort.emit (node:electron/js2c/utility_init:2:367) setContext undefined
2023-05-26 08:47:00.344 [info] Extension host with pid 14109 exiting with code 0
