2023-05-23 14:16:44.686 [info] Reading sessions from keychain...
2023-05-23 14:16:44.686 [info] Getting sessions for all scopes...
2023-05-23 14:16:44.686 [info] Got 0 sessions for ...
2023-05-23 14:16:44.686 [info] Getting sessions for user:email...
2023-05-23 14:16:44.686 [info] Got 0 sessions for user:email...
2023-05-23 14:16:44.686 [info] Getting sessions for all scopes...
2023-05-23 14:16:44.686 [info] Got 0 sessions for ...
2023-05-23 14:16:46.504 [info] Getting sessions for all scopes...
2023-05-23 14:16:46.504 [info] Got 0 sessions for ...
2023-05-23 14:25:45.449 [info] Getting sessions for user:email...
2023-05-23 14:25:45.452 [info] Got 0 sessions for user:email...
2023-05-23 14:25:52.027 [info] Logging in for the following scopes: user:email
2023-05-23 14:25:52.197 [info] Trying without local server... (user:email)
2023-05-23 14:30:52.677 [error] Timed out
2023-05-23 14:31:18.570 [info] Trying with local server... (user:email)
2023-05-23 14:36:18.639 [error] Timed out
2023-05-23 14:45:24.747 [info] Getting sessions for user:email...
2023-05-23 14:45:24.747 [info] Got 0 sessions for user:email...
2023-05-23 14:45:27.747 [info] Logging in for the following scopes: user:email
2023-05-23 14:45:27.771 [info] Trying without local server... (user:email)
2023-05-23 14:50:28.287 [error] Timed out
2023-05-23 14:50:37.306 [info] Trying with local server... (user:email)
2023-05-23 14:55:37.309 [error] Timed out
