2023-05-25 09:35:54.862 [info] Log level: Info
2023-05-25 09:35:54.862 [info] Validating found git in: "git"
2023-05-25 09:35:54.862 [info] Using git "2.39.3" from "git"
2023-05-25 09:35:54.862 [info] > git rev-parse --show-toplevel [13ms]
2023-05-25 09:35:54.862 [info] fatal: not a git repository (or any of the parent directories): .git
2023-05-25 09:40:14.654 [info] > git rev-parse --show-toplevel [2ms]
2023-05-25 09:40:14.654 [info] fatal: not a git repository (or any of the parent directories): .git
2023-05-25 10:16:13.779 [info] > git rev-parse --show-toplevel [3ms]
2023-05-25 10:16:13.779 [info] fatal: not a git repository (or any of the parent directories): .git
2023-05-25 11:06:28.695 [info] > git rev-parse --show-toplevel [2ms]
2023-05-25 11:06:28.695 [info] fatal: not a git repository (or any of the parent directories): .git
2023-05-25 11:09:02.897 [info] Log level: Info
2023-05-25 11:09:02.897 [info] Validating found git in: "git"
2023-05-25 11:09:02.897 [info] Using git "2.39.3" from "git"
2023-05-25 11:09:02.917 [info] > git rev-parse --show-toplevel [21ms]
2023-05-25 11:09:02.933 [info] > git rev-parse --git-dir --git-common-dir [5ms]
2023-05-25 11:09:02.974 [info] Open repository: /home/jkyon/ShellScript
2023-05-25 11:09:03.010 [info] > git config --get commit.template [10ms]
2023-05-25 11:09:03.041 [info] > git for-each-ref --format=%(refname)%00%(upstream:short)%00%(objectname)%00%(upstream:track)%00%(upstream:remotename)%00%(upstream:remoteref) refs/heads/main refs/remotes/main [12ms]
2023-05-25 11:09:03.053 [info] > git status -z -uall [3ms]
2023-05-25 11:09:03.095 [info] > git config --get commit.template [16ms]
2023-05-25 11:09:03.098 [info] > git for-each-ref --format=%(refname)%00%(upstream:short)%00%(objectname)%00%(upstream:track)%00%(upstream:remotename)%00%(upstream:remoteref) refs/heads/main refs/remotes/main [5ms]
2023-05-25 11:09:03.110 [info] > git status -z -uall [1ms]
2023-05-25 11:09:03.496 [info] > git check-ignore -v -z --stdin [2ms]
2023-05-25 11:09:03.888 [info] > git fetch [915ms]
2023-05-25 11:09:03.902 [info] > git config --get commit.template [8ms]
2023-05-25 11:09:03.903 [info] > git for-each-ref --format=%(refname)%00%(upstream:short)%00%(objectname)%00%(upstream:track)%00%(upstream:remotename)%00%(upstream:remoteref) refs/heads/main refs/remotes/main [2ms]
2023-05-25 11:09:03.912 [info] > git status -z -uall [3ms]
2023-05-25 11:09:04.975 [info] > git config --get commit.template [7ms]
2023-05-25 11:09:04.976 [info] > git for-each-ref --format=%(refname)%00%(upstream:short)%00%(objectname)%00%(upstream:track)%00%(upstream:remotename)%00%(upstream:remoteref) refs/heads/main refs/remotes/main [2ms]
2023-05-25 11:09:05.004 [info] > git status -z -uall [23ms]
2023-05-25 11:11:31.178 [info] > git rev-parse --show-toplevel [2ms]
2023-05-25 11:11:31.178 [info] fatal: not a git repository (or any of the parent directories): .git
2023-05-25 11:11:50.166 [info] > git rev-parse --show-toplevel [2ms]
2023-05-25 11:11:50.166 [info] fatal: not a git repository (or any of the parent directories): .git
2023-05-25 11:12:11.566 [info] > git rev-parse --show-toplevel [3ms]
2023-05-25 11:12:11.566 [info] fatal: not a git repository (or any of the parent directories): .git
2023-05-25 11:12:12.465 [info] > git fetch [984ms]
2023-05-25 11:12:12.480 [info] > git config --get commit.template [7ms]
2023-05-25 11:12:12.481 [info] > git for-each-ref --format=%(refname)%00%(upstream:short)%00%(objectname)%00%(upstream:track)%00%(upstream:remotename)%00%(upstream:remoteref) refs/heads/main refs/remotes/main [1ms]
2023-05-25 11:12:12.490 [info] > git status -z -uall [2ms]
2023-05-25 11:12:13.559 [info] > git config --get commit.template [13ms]
2023-05-25 11:12:13.561 [info] > git for-each-ref --format=%(refname)%00%(upstream:short)%00%(objectname)%00%(upstream:track)%00%(upstream:remotename)%00%(upstream:remoteref) refs/heads/main refs/remotes/main [3ms]
2023-05-25 11:12:13.574 [info] > git status -z -uall [4ms]
2023-05-25 11:15:13.282 [info] > git fetch [773ms]
2023-05-25 11:15:13.297 [info] > git config --get commit.template [7ms]
2023-05-25 11:15:13.298 [info] > git for-each-ref --format=%(refname)%00%(upstream:short)%00%(objectname)%00%(upstream:track)%00%(upstream:remotename)%00%(upstream:remoteref) refs/heads/main refs/remotes/main [2ms]
2023-05-25 11:15:13.306 [info] > git status -z -uall [3ms]
2023-05-25 11:15:14.378 [info] > git config --get commit.template [7ms]
2023-05-25 11:15:14.379 [info] > git for-each-ref --format=%(refname)%00%(upstream:short)%00%(objectname)%00%(upstream:track)%00%(upstream:remotename)%00%(upstream:remoteref) refs/heads/main refs/remotes/main [2ms]
2023-05-25 11:15:14.387 [info] > git status -z -uall [2ms]
2023-05-25 11:18:15.186 [info] > git fetch [768ms]
2023-05-25 11:18:15.201 [info] > git config --get commit.template [8ms]
2023-05-25 11:18:15.202 [info] > git for-each-ref --format=%(refname)%00%(upstream:short)%00%(objectname)%00%(upstream:track)%00%(upstream:remotename)%00%(upstream:remoteref) refs/heads/main refs/remotes/main [2ms]
2023-05-25 11:18:15.210 [info] > git status -z -uall [2ms]
2023-05-25 11:18:36.155 [info] > git config --get commit.template [12ms]
2023-05-25 11:18:36.156 [info] > git for-each-ref --format=%(refname)%00%(upstream:short)%00%(objectname)%00%(upstream:track)%00%(upstream:remotename)%00%(upstream:remoteref) refs/heads/main refs/remotes/main [4ms]
2023-05-25 11:18:36.165 [info] > git status -z -uall [3ms]
2023-05-25 11:23:13.869 [info] > git fetch [851ms]
2023-05-25 11:23:13.882 [info] > git config --get commit.template [7ms]
2023-05-25 11:23:13.883 [info] > git for-each-ref --format=%(refname)%00%(upstream:short)%00%(objectname)%00%(upstream:track)%00%(upstream:remotename)%00%(upstream:remoteref) refs/heads/main refs/remotes/main [2ms]
2023-05-25 11:23:13.891 [info] > git status -z -uall [3ms]
2023-05-25 11:23:14.970 [info] > git config --get commit.template [11ms]
2023-05-25 11:23:14.971 [info] > git for-each-ref --format=%(refname)%00%(upstream:short)%00%(objectname)%00%(upstream:track)%00%(upstream:remotename)%00%(upstream:remoteref) refs/heads/main refs/remotes/main [2ms]
2023-05-25 11:23:14.979 [info] > git status -z -uall [2ms]
2023-05-25 11:26:27.560 [info] > git fetch [782ms]
2023-05-25 11:26:27.571 [info] > git config --get commit.template [6ms]
2023-05-25 11:26:27.572 [info] > git for-each-ref --format=%(refname)%00%(upstream:short)%00%(objectname)%00%(upstream:track)%00%(upstream:remotename)%00%(upstream:remoteref) refs/heads/main refs/remotes/main [1ms]
2023-05-25 11:26:27.580 [info] > git status -z -uall [3ms]
2023-05-25 11:26:28.645 [info] > git config --get commit.template [3ms]
2023-05-25 11:26:28.654 [info] > git for-each-ref --format=%(refname)%00%(upstream:short)%00%(objectname)%00%(upstream:track)%00%(upstream:remotename)%00%(upstream:remoteref) refs/heads/main refs/remotes/main [2ms]
2023-05-25 11:26:28.663 [info] > git status -z -uall [3ms]
2023-05-25 11:27:42.714 [info] > git rev-parse --show-toplevel [2ms]
2023-05-25 11:27:42.714 [info] fatal: not a git repository (or any of the parent directories): .git
2023-05-25 11:27:46.152 [info] > git rev-parse --show-toplevel [2ms]
2023-05-25 11:27:46.152 [info] fatal: not a git repository (or any of the parent directories): .git
2023-05-25 11:27:47.960 [info] > git rev-parse --show-toplevel [3ms]
2023-05-25 11:27:47.960 [info] fatal: not a git repository (or any of the parent directories): .git
2023-05-25 11:29:57.790 [info] > git fetch [923ms]
2023-05-25 11:29:57.803 [info] > git config --get commit.template [8ms]
2023-05-25 11:29:57.803 [info] > git for-each-ref --format=%(refname)%00%(upstream:short)%00%(objectname)%00%(upstream:track)%00%(upstream:remotename)%00%(upstream:remoteref) refs/heads/main refs/remotes/main [1ms]
2023-05-25 11:29:57.811 [info] > git status -z -uall [2ms]
2023-05-25 11:31:37.119 [info] > git config --get commit.template [13ms]
2023-05-25 11:31:37.120 [info] > git for-each-ref --format=%(refname)%00%(upstream:short)%00%(objectname)%00%(upstream:track)%00%(upstream:remotename)%00%(upstream:remoteref) refs/heads/main refs/remotes/main [2ms]
2023-05-25 11:31:37.131 [info] > git status -z -uall [4ms]
2023-05-25 11:37:17.253 [info] > git fetch [803ms]
2023-05-25 11:37:17.266 [info] > git config --get commit.template [7ms]
2023-05-25 11:37:17.267 [info] > git for-each-ref --format=%(refname)%00%(upstream:short)%00%(objectname)%00%(upstream:track)%00%(upstream:remotename)%00%(upstream:remoteref) refs/heads/main refs/remotes/main [2ms]
2023-05-25 11:37:17.276 [info] > git status -z -uall [2ms]
2023-05-25 11:37:18.342 [info] > git config --get commit.template [6ms]
2023-05-25 11:37:18.344 [info] > git for-each-ref --format=%(refname)%00%(upstream:short)%00%(objectname)%00%(upstream:track)%00%(upstream:remotename)%00%(upstream:remoteref) refs/heads/main refs/remotes/main [3ms]
2023-05-25 11:37:18.355 [info] > git status -z -uall [2ms]
2023-05-25 11:40:18.063 [info] > git fetch [775ms]
2023-05-25 11:40:18.076 [info] > git config --get commit.template [7ms]
2023-05-25 11:40:18.077 [info] > git for-each-ref --format=%(refname)%00%(upstream:short)%00%(objectname)%00%(upstream:track)%00%(upstream:remotename)%00%(upstream:remoteref) refs/heads/main refs/remotes/main [2ms]
2023-05-25 11:40:18.086 [info] > git status -z -uall [3ms]
2023-05-25 11:40:19.156 [info] > git config --get commit.template [8ms]
2023-05-25 11:40:19.157 [info] > git for-each-ref --format=%(refname)%00%(upstream:short)%00%(objectname)%00%(upstream:track)%00%(upstream:remotename)%00%(upstream:remoteref) refs/heads/main refs/remotes/main [2ms]
2023-05-25 11:40:19.166 [info] > git status -z -uall [3ms]
2023-05-25 11:49:22.399 [info] > git fetch [751ms]
2023-05-25 11:49:22.411 [info] > git config --get commit.template [6ms]
2023-05-25 11:49:22.412 [info] > git for-each-ref --format=%(refname)%00%(upstream:short)%00%(objectname)%00%(upstream:track)%00%(upstream:remotename)%00%(upstream:remoteref) refs/heads/main refs/remotes/main [2ms]
2023-05-25 11:49:22.419 [info] > git status -z -uall [2ms]
2023-05-25 11:49:23.490 [info] > git config --get commit.template [7ms]
2023-05-25 11:49:23.492 [info] > git for-each-ref --format=%(refname)%00%(upstream:short)%00%(objectname)%00%(upstream:track)%00%(upstream:remotename)%00%(upstream:remoteref) refs/heads/main refs/remotes/main [3ms]
2023-05-25 11:49:23.500 [info] > git status -z -uall [2ms]
2023-05-25 11:52:23.601 [info] > git fetch [1164ms]
2023-05-25 11:52:23.615 [info] > git config --get commit.template [7ms]
2023-05-25 11:52:23.616 [info] > git for-each-ref --format=%(refname)%00%(upstream:short)%00%(objectname)%00%(upstream:track)%00%(upstream:remotename)%00%(upstream:remoteref) refs/heads/main refs/remotes/main [2ms]
2023-05-25 11:52:23.625 [info] > git status -z -uall [3ms]
2023-05-25 11:52:24.685 [info] > git config --get commit.template [2ms]
2023-05-25 11:52:24.695 [info] > git for-each-ref --format=%(refname)%00%(upstream:short)%00%(objectname)%00%(upstream:track)%00%(upstream:remotename)%00%(upstream:remoteref) refs/heads/main refs/remotes/main [2ms]
2023-05-25 11:52:24.705 [info] > git status -z -uall [3ms]
2023-05-25 11:55:11.060 [info] > git rev-parse --show-toplevel [1ms]
2023-05-25 11:55:11.060 [info] fatal: not a git repository (or any of the parent directories): .git
2023-05-25 11:55:27.093 [info] > git fetch [759ms]
2023-05-25 11:55:27.118 [info] > git config --get commit.template [15ms]
2023-05-25 11:55:27.120 [info] > git for-each-ref --format=%(refname)%00%(upstream:short)%00%(objectname)%00%(upstream:track)%00%(upstream:remotename)%00%(upstream:remoteref) refs/heads/main refs/remotes/main [4ms]
2023-05-25 11:55:27.135 [info] > git status -z -uall [6ms]
2023-05-25 11:55:28.245 [info] > git config --get commit.template [1ms]
2023-05-25 11:55:28.265 [info] > git for-each-ref --format=%(refname)%00%(upstream:short)%00%(objectname)%00%(upstream:track)%00%(upstream:remotename)%00%(upstream:remoteref) refs/heads/main refs/remotes/main [3ms]
2023-05-25 11:55:28.282 [info] > git status -z -uall [4ms]
